

Processing MplayerController#index (for 127.0.0.1 at 2008-12-02 18:03:35) [GET]
  Session ID: 94ce873b6383c6be2671077d1f08ce80
  Parameters: {"action"=>"index", "controller"=>"mplayer"}


ActionController::UnknownAction (No action responded to index):
    /usr/lib/ruby/gems/1.8/gems/actionpack-2.1.2/lib/action_controller/filters.rb:579:in `call_filters'
    /usr/lib/ruby/gems/1.8/gems/actionpack-2.1.2/lib/action_controller/filters.rb:572:in `perform_action_without_benchmark'
    /usr/lib/ruby/gems/1.8/gems/actionpack-2.1.2/lib/action_controller/benchmarking.rb:68:in `perform_action_without_rescue'
    /usr/lib/ruby/1.8/benchmark.rb:293:in `measure'
    /usr/lib/ruby/gems/1.8/gems/actionpack-2.1.2/lib/action_controller/benchmarking.rb:68:in `perform_action_without_rescue'
    /usr/lib/ruby/gems/1.8/gems/actionpack-2.1.2/lib/action_controller/rescue.rb:201:in `perform_action_without_caching'
    /usr/lib/ruby/gems/1.8/gems/actionpack-2.1.2/lib/action_controller/caching/sql_cache.rb:13:in `perform_action'
    /usr/lib/ruby/gems/1.8/gems/activerecord-2.1.2/lib/active_record/connection_adapters/abstract/query_cache.rb:33:in `cache'
    /usr/lib/ruby/gems/1.8/gems/activerecord-2.1.2/lib/active_record/query_cache.rb:8:in `cache'
    /usr/lib/ruby/gems/1.8/gems/actionpack-2.1.2/lib/action_controller/caching/sql_cache.rb:12:in `perform_action'
    /usr/lib/ruby/gems/1.8/gems/actionpack-2.1.2/lib/action_controller/base.rb:529:in `send'
    /usr/lib/ruby/gems/1.8/gems/actionpack-2.1.2/lib/action_controller/base.rb:529:in `process_without_filters'
    /usr/lib/ruby/gems/1.8/gems/actionpack-2.1.2/lib/action_controller/filters.rb:568:in `process_without_session_management_support'
    /usr/lib/ruby/gems/1.8/gems/actionpack-2.1.2/lib/action_controller/session_management.rb:130:in `process'
    /usr/lib/ruby/gems/1.8/gems/actionpack-2.1.2/lib/action_controller/base.rb:389:in `process'
    /usr/lib/ruby/gems/1.8/gems/actionpack-2.1.2/lib/action_controller/dispatcher.rb:149:in `handle_request'
    /usr/lib/ruby/gems/1.8/gems/actionpack-2.1.2/lib/action_controller/dispatcher.rb:107:in `dispatch'
    /usr/lib/ruby/gems/1.8/gems/actionpack-2.1.2/lib/action_controller/dispatcher.rb:104:in `synchronize'
    /usr/lib/ruby/gems/1.8/gems/actionpack-2.1.2/lib/action_controller/dispatcher.rb:104:in `dispatch'
    /usr/lib/ruby/gems/1.8/gems/actionpack-2.1.2/lib/action_controller/dispatcher.rb:120:in `dispatch_cgi'
    /usr/lib/ruby/gems/1.8/gems/actionpack-2.1.2/lib/action_controller/dispatcher.rb:35:in `dispatch'
    /usr/lib/ruby/gems/1.8/gems/rails-2.1.2/lib/webrick_server.rb:112:in `handle_dispatch'
    /usr/lib/ruby/gems/1.8/gems/rails-2.1.2/lib/webrick_server.rb:78:in `service'
    /usr/lib/ruby/1.8/webrick/httpserver.rb:104:in `service'
    /usr/lib/ruby/1.8/webrick/httpserver.rb:65:in `run'
    /usr/lib/ruby/1.8/webrick/server.rb:173:in `start_thread'
    /usr/lib/ruby/1.8/webrick/server.rb:162:in `start'
    /usr/lib/ruby/1.8/webrick/server.rb:162:in `start_thread'
    /usr/lib/ruby/1.8/webrick/server.rb:95:in `start'
    /usr/lib/ruby/1.8/webrick/server.rb:92:in `each'
    /usr/lib/ruby/1.8/webrick/server.rb:92:in `start'
    /usr/lib/ruby/1.8/webrick/server.rb:23:in `start'
    /usr/lib/ruby/1.8/webrick/server.rb:82:in `start'
    /usr/lib/ruby/gems/1.8/gems/rails-2.1.2/lib/webrick_server.rb:62:in `dispatch'
    /usr/lib/ruby/gems/1.8/gems/rails-2.1.2/lib/commands/servers/webrick.rb:66
    /usr/local/lib/site_ruby/1.8/rubygems/custom_require.rb:31:in `gem_original_require'
    /usr/local/lib/site_ruby/1.8/rubygems/custom_require.rb:31:in `require'
    /usr/lib/ruby/gems/1.8/gems/activesupport-2.1.2/lib/active_support/dependencies.rb:510:in `require'
    /usr/lib/ruby/gems/1.8/gems/activesupport-2.1.2/lib/active_support/dependencies.rb:355:in `new_constants_in'
    /usr/lib/ruby/gems/1.8/gems/activesupport-2.1.2/lib/active_support/dependencies.rb:510:in `require'
    /usr/lib/ruby/gems/1.8/gems/rails-2.1.2/lib/commands/server.rb:39
    /usr/local/lib/site_ruby/1.8/rubygems/custom_require.rb:31:in `gem_original_require'
    /usr/local/lib/site_ruby/1.8/rubygems/custom_require.rb:31:in `require'
    script/server:3

Rendering /usr/lib/ruby/gems/1.8/gems/actionpack-2.1.2/lib/action_controller/templates/rescues/layout.erb (not_found)


Processing MplayerController#show (for 127.0.0.1 at 2008-12-02 18:03:53) [GET]
  Session ID: BAh7BiIKZmxhc2hJQzonQWN0aW9uQ29udHJvbGxlcjo6Rmxhc2g6OkZsYXNo
SGFzaHsABjoKQHVzZWR7AA==--bd6769812d89b09cb0c42dcc7ab580d54591c7fe
  Parameters: {"action"=>"show", "id"=>"2", "controller"=>"mplayer"}


ActionController::UnknownAction (No action responded to show):
    /usr/lib/ruby/gems/1.8/gems/actionpack-2.1.2/lib/action_controller/filters.rb:579:in `call_filters'
    /usr/lib/ruby/gems/1.8/gems/actionpack-2.1.2/lib/action_controller/filters.rb:572:in `perform_action_without_benchmark'
    /usr/lib/ruby/gems/1.8/gems/actionpack-2.1.2/lib/action_controller/benchmarking.rb:68:in `perform_action_without_rescue'
    /usr/lib/ruby/1.8/benchmark.rb:293:in `measure'
    /usr/lib/ruby/gems/1.8/gems/actionpack-2.1.2/lib/action_controller/benchmarking.rb:68:in `perform_action_without_rescue'
    /usr/lib/ruby/gems/1.8/gems/actionpack-2.1.2/lib/action_controller/rescue.rb:201:in `perform_action_without_caching'
    /usr/lib/ruby/gems/1.8/gems/actionpack-2.1.2/lib/action_controller/caching/sql_cache.rb:13:in `perform_action'
    /usr/lib/ruby/gems/1.8/gems/activerecord-2.1.2/lib/active_record/connection_adapters/abstract/query_cache.rb:33:in `cache'
    /usr/lib/ruby/gems/1.8/gems/activerecord-2.1.2/lib/active_record/query_cache.rb:8:in `cache'
    /usr/lib/ruby/gems/1.8/gems/actionpack-2.1.2/lib/action_controller/caching/sql_cache.rb:12:in `perform_action'
    /usr/lib/ruby/gems/1.8/gems/actionpack-2.1.2/lib/action_controller/base.rb:529:in `send'
    /usr/lib/ruby/gems/1.8/gems/actionpack-2.1.2/lib/action_controller/base.rb:529:in `process_without_filters'
    /usr/lib/ruby/gems/1.8/gems/actionpack-2.1.2/lib/action_controller/filters.rb:568:in `process_without_session_management_support'
    /usr/lib/ruby/gems/1.8/gems/actionpack-2.1.2/lib/action_controller/session_management.rb:130:in `process'
    /usr/lib/ruby/gems/1.8/gems/actionpack-2.1.2/lib/action_controller/base.rb:389:in `process'
    /usr/lib/ruby/gems/1.8/gems/actionpack-2.1.2/lib/action_controller/dispatcher.rb:149:in `handle_request'
    /usr/lib/ruby/gems/1.8/gems/actionpack-2.1.2/lib/action_controller/dispatcher.rb:107:in `dispatch'
    /usr/lib/ruby/gems/1.8/gems/actionpack-2.1.2/lib/action_controller/dispatcher.rb:104:in `synchronize'
    /usr/lib/ruby/gems/1.8/gems/actionpack-2.1.2/lib/action_controller/dispatcher.rb:104:in `dispatch'
    /usr/lib/ruby/gems/1.8/gems/actionpack-2.1.2/lib/action_controller/dispatcher.rb:120:in `dispatch_cgi'
    /usr/lib/ruby/gems/1.8/gems/actionpack-2.1.2/lib/action_controller/dispatcher.rb:35:in `dispatch'
    /usr/lib/ruby/gems/1.8/gems/rails-2.1.2/lib/webrick_server.rb:112:in `handle_dispatch'
    /usr/lib/ruby/gems/1.8/gems/rails-2.1.2/lib/webrick_server.rb:78:in `service'
    /usr/lib/ruby/1.8/webrick/httpserver.rb:104:in `service'
    /usr/lib/ruby/1.8/webrick/httpserver.rb:65:in `run'
    /usr/lib/ruby/1.8/webrick/server.rb:173:in `start_thread'
    /usr/lib/ruby/1.8/webrick/server.rb:162:in `start'
    /usr/lib/ruby/1.8/webrick/server.rb:162:in `start_thread'
    /usr/lib/ruby/1.8/webrick/server.rb:95:in `start'
    /usr/lib/ruby/1.8/webrick/server.rb:92:in `each'
    /usr/lib/ruby/1.8/webrick/server.rb:92:in `start'
    /usr/lib/ruby/1.8/webrick/server.rb:23:in `start'
    /usr/lib/ruby/1.8/webrick/server.rb:82:in `start'
    /usr/lib/ruby/gems/1.8/gems/rails-2.1.2/lib/webrick_server.rb:62:in `dispatch'
    /usr/lib/ruby/gems/1.8/gems/rails-2.1.2/lib/commands/servers/webrick.rb:66
    /usr/local/lib/site_ruby/1.8/rubygems/custom_require.rb:31:in `gem_original_require'
    /usr/local/lib/site_ruby/1.8/rubygems/custom_require.rb:31:in `require'
    /usr/lib/ruby/gems/1.8/gems/activesupport-2.1.2/lib/active_support/dependencies.rb:510:in `require'
    /usr/lib/ruby/gems/1.8/gems/activesupport-2.1.2/lib/active_support/dependencies.rb:355:in `new_constants_in'
    /usr/lib/ruby/gems/1.8/gems/activesupport-2.1.2/lib/active_support/dependencies.rb:510:in `require'
    /usr/lib/ruby/gems/1.8/gems/rails-2.1.2/lib/commands/server.rb:39
    /usr/local/lib/site_ruby/1.8/rubygems/custom_require.rb:31:in `gem_original_require'
    /usr/local/lib/site_ruby/1.8/rubygems/custom_require.rb:31:in `require'
    script/server:3

Rendering /usr/lib/ruby/gems/1.8/gems/actionpack-2.1.2/lib/action_controller/templates/rescues/layout.erb (not_found)


Processing MplayerController#show (for 127.0.0.1 at 2008-12-02 18:04:14) [GET]
  Session ID: BAh7BiIKZmxhc2hJQzonQWN0aW9uQ29udHJvbGxlcjo6Rmxhc2g6OkZsYXNo
SGFzaHsABjoKQHVzZWR7AA==--bd6769812d89b09cb0c42dcc7ab580d54591c7fe
  Parameters: {"action"=>"show", "id"=>"2", "controller"=>"mplayer"}


ActionController::UnknownAction (No action responded to show):
    /usr/lib/ruby/gems/1.8/gems/actionpack-2.1.2/lib/action_controller/filters.rb:579:in `call_filters'
    /usr/lib/ruby/gems/1.8/gems/actionpack-2.1.2/lib/action_controller/filters.rb:572:in `perform_action_without_benchmark'
    /usr/lib/ruby/gems/1.8/gems/actionpack-2.1.2/lib/action_controller/benchmarking.rb:68:in `perform_action_without_rescue'
    /usr/lib/ruby/1.8/benchmark.rb:293:in `measure'
    /usr/lib/ruby/gems/1.8/gems/actionpack-2.1.2/lib/action_controller/benchmarking.rb:68:in `perform_action_without_rescue'
    /usr/lib/ruby/gems/1.8/gems/actionpack-2.1.2/lib/action_controller/rescue.rb:201:in `perform_action_without_caching'
    /usr/lib/ruby/gems/1.8/gems/actionpack-2.1.2/lib/action_controller/caching/sql_cache.rb:13:in `perform_action'
    /usr/lib/ruby/gems/1.8/gems/activerecord-2.1.2/lib/active_record/connection_adapters/abstract/query_cache.rb:33:in `cache'
    /usr/lib/ruby/gems/1.8/gems/activerecord-2.1.2/lib/active_record/query_cache.rb:8:in `cache'
    /usr/lib/ruby/gems/1.8/gems/actionpack-2.1.2/lib/action_controller/caching/sql_cache.rb:12:in `perform_action'
    /usr/lib/ruby/gems/1.8/gems/actionpack-2.1.2/lib/action_controller/base.rb:529:in `send'
    /usr/lib/ruby/gems/1.8/gems/actionpack-2.1.2/lib/action_controller/base.rb:529:in `process_without_filters'
    /usr/lib/ruby/gems/1.8/gems/actionpack-2.1.2/lib/action_controller/filters.rb:568:in `process_without_session_management_support'
    /usr/lib/ruby/gems/1.8/gems/actionpack-2.1.2/lib/action_controller/session_management.rb:130:in `process'
    /usr/lib/ruby/gems/1.8/gems/actionpack-2.1.2/lib/action_controller/base.rb:389:in `process'
    /usr/lib/ruby/gems/1.8/gems/actionpack-2.1.2/lib/action_controller/dispatcher.rb:149:in `handle_request'
    /usr/lib/ruby/gems/1.8/gems/actionpack-2.1.2/lib/action_controller/dispatcher.rb:107:in `dispatch'
    /usr/lib/ruby/gems/1.8/gems/actionpack-2.1.2/lib/action_controller/dispatcher.rb:104:in `synchronize'
    /usr/lib/ruby/gems/1.8/gems/actionpack-2.1.2/lib/action_controller/dispatcher.rb:104:in `dispatch'
    /usr/lib/ruby/gems/1.8/gems/actionpack-2.1.2/lib/action_controller/dispatcher.rb:120:in `dispatch_cgi'
    /usr/lib/ruby/gems/1.8/gems/actionpack-2.1.2/lib/action_controller/dispatcher.rb:35:in `dispatch'
    /usr/lib/ruby/gems/1.8/gems/rails-2.1.2/lib/webrick_server.rb:112:in `handle_dispatch'
    /usr/lib/ruby/gems/1.8/gems/rails-2.1.2/lib/webrick_server.rb:78:in `service'
    /usr/lib/ruby/1.8/webrick/httpserver.rb:104:in `service'
    /usr/lib/ruby/1.8/webrick/httpserver.rb:65:in `run'
    /usr/lib/ruby/1.8/webrick/server.rb:173:in `start_thread'
    /usr/lib/ruby/1.8/webrick/server.rb:162:in `start'
    /usr/lib/ruby/1.8/webrick/server.rb:162:in `start_thread'
    /usr/lib/ruby/1.8/webrick/server.rb:95:in `start'
    /usr/lib/ruby/1.8/webrick/server.rb:92:in `each'
    /usr/lib/ruby/1.8/webrick/server.rb:92:in `start'
    /usr/lib/ruby/1.8/webrick/server.rb:23:in `start'
    /usr/lib/ruby/1.8/webrick/server.rb:82:in `start'
    /usr/lib/ruby/gems/1.8/gems/rails-2.1.2/lib/webrick_server.rb:62:in `dispatch'
    /usr/lib/ruby/gems/1.8/gems/rails-2.1.2/lib/commands/servers/webrick.rb:66
    /usr/local/lib/site_ruby/1.8/rubygems/custom_require.rb:31:in `gem_original_require'
    /usr/local/lib/site_ruby/1.8/rubygems/custom_require.rb:31:in `require'
    /usr/lib/ruby/gems/1.8/gems/activesupport-2.1.2/lib/active_support/dependencies.rb:510:in `require'
    /usr/lib/ruby/gems/1.8/gems/activesupport-2.1.2/lib/active_support/dependencies.rb:355:in `new_constants_in'
    /usr/lib/ruby/gems/1.8/gems/activesupport-2.1.2/lib/active_support/dependencies.rb:510:in `require'
    /usr/lib/ruby/gems/1.8/gems/rails-2.1.2/lib/commands/server.rb:39
    /usr/local/lib/site_ruby/1.8/rubygems/custom_require.rb:31:in `gem_original_require'
    /usr/local/lib/site_ruby/1.8/rubygems/custom_require.rb:31:in `require'
    script/server:3

Rendering /usr/lib/ruby/gems/1.8/gems/actionpack-2.1.2/lib/action_controller/templates/rescues/layout.erb (not_found)


Processing MplayerController#index (for 127.0.0.1 at 2008-12-02 18:04:17) [GET]
  Session ID: BAh7BiIKZmxhc2hJQzonQWN0aW9uQ29udHJvbGxlcjo6Rmxhc2g6OkZsYXNo
SGFzaHsABjoKQHVzZWR7AA==--bd6769812d89b09cb0c42dcc7ab580d54591c7fe
  Parameters: {"action"=>"index", "controller"=>"mplayer"}
Rendering mplayer/index


ActionView::MissingTemplate (Missing template mplayer/index.html.erb in view path /home/seb/src/github/railsmplayer/app/views):
    /usr/lib/ruby/gems/1.8/gems/actionpack-2.1.2/lib/action_view/template.rb:85:in `raise_missing_template_exception'
    /usr/lib/ruby/gems/1.8/gems/actionpack-2.1.2/lib/action_view/template.rb:78:in `set_extension_and_file_name'
    /usr/lib/ruby/gems/1.8/gems/actionpack-2.1.2/lib/action_view/template.rb:15:in `initialize'
    /usr/lib/ruby/gems/1.8/gems/actionpack-2.1.2/lib/action_view/base.rb:248:in `new'
    /usr/lib/ruby/gems/1.8/gems/actionpack-2.1.2/lib/action_view/base.rb:248:in `render_file'
    /usr/lib/ruby/gems/1.8/gems/actionpack-2.1.2/lib/action_controller/base.rb:1112:in `render_for_file'
    /usr/lib/ruby/gems/1.8/gems/actionpack-2.1.2/lib/action_controller/base.rb:845:in `render_with_no_layout'
    /usr/lib/ruby/gems/1.8/gems/actionpack-2.1.2/lib/action_controller/layout.rb:259:in `render_without_benchmark'
    /usr/lib/ruby/gems/1.8/gems/actionpack-2.1.2/lib/action_controller/benchmarking.rb:51:in `render'
    /usr/lib/ruby/gems/1.8/gems/activesupport-2.1.2/lib/active_support/core_ext/benchmark.rb:8:in `realtime'
    /usr/lib/ruby/gems/1.8/gems/actionpack-2.1.2/lib/action_controller/benchmarking.rb:51:in `render'
    /usr/lib/ruby/gems/1.8/gems/actionpack-2.1.2/lib/action_controller/base.rb:1161:in `default_render'
    /usr/lib/ruby/gems/1.8/gems/actionpack-2.1.2/lib/action_controller/base.rb:1167:in `perform_action_without_filters'
    /usr/lib/ruby/gems/1.8/gems/actionpack-2.1.2/lib/action_controller/filters.rb:579:in `call_filters'
    /usr/lib/ruby/gems/1.8/gems/actionpack-2.1.2/lib/action_controller/filters.rb:572:in `perform_action_without_benchmark'
    /usr/lib/ruby/gems/1.8/gems/actionpack-2.1.2/lib/action_controller/benchmarking.rb:68:in `perform_action_without_rescue'
    /usr/lib/ruby/1.8/benchmark.rb:293:in `measure'
    /usr/lib/ruby/gems/1.8/gems/actionpack-2.1.2/lib/action_controller/benchmarking.rb:68:in `perform_action_without_rescue'
    /usr/lib/ruby/gems/1.8/gems/actionpack-2.1.2/lib/action_controller/rescue.rb:201:in `perform_action_without_caching'
    /usr/lib/ruby/gems/1.8/gems/actionpack-2.1.2/lib/action_controller/caching/sql_cache.rb:13:in `perform_action'
    /usr/lib/ruby/gems/1.8/gems/activerecord-2.1.2/lib/active_record/connection_adapters/abstract/query_cache.rb:33:in `cache'
    /usr/lib/ruby/gems/1.8/gems/activerecord-2.1.2/lib/active_record/query_cache.rb:8:in `cache'
    /usr/lib/ruby/gems/1.8/gems/actionpack-2.1.2/lib/action_controller/caching/sql_cache.rb:12:in `perform_action'
    /usr/lib/ruby/gems/1.8/gems/actionpack-2.1.2/lib/action_controller/base.rb:529:in `send'
    /usr/lib/ruby/gems/1.8/gems/actionpack-2.1.2/lib/action_controller/base.rb:529:in `process_without_filters'
    /usr/lib/ruby/gems/1.8/gems/actionpack-2.1.2/lib/action_controller/filters.rb:568:in `process_without_session_management_support'
    /usr/lib/ruby/gems/1.8/gems/actionpack-2.1.2/lib/action_controller/session_management.rb:130:in `process'
    /usr/lib/ruby/gems/1.8/gems/actionpack-2.1.2/lib/action_controller/base.rb:389:in `process'
    /usr/lib/ruby/gems/1.8/gems/actionpack-2.1.2/lib/action_controller/dispatcher.rb:149:in `handle_request'
    /usr/lib/ruby/gems/1.8/gems/actionpack-2.1.2/lib/action_controller/dispatcher.rb:107:in `dispatch'
    /usr/lib/ruby/gems/1.8/gems/actionpack-2.1.2/lib/action_controller/dispatcher.rb:104:in `synchronize'
    /usr/lib/ruby/gems/1.8/gems/actionpack-2.1.2/lib/action_controller/dispatcher.rb:104:in `dispatch'
    /usr/lib/ruby/gems/1.8/gems/actionpack-2.1.2/lib/action_controller/dispatcher.rb:120:in `dispatch_cgi'
    /usr/lib/ruby/gems/1.8/gems/actionpack-2.1.2/lib/action_controller/dispatcher.rb:35:in `dispatch'
    /usr/lib/ruby/gems/1.8/gems/rails-2.1.2/lib/webrick_server.rb:112:in `handle_dispatch'
    /usr/lib/ruby/gems/1.8/gems/rails-2.1.2/lib/webrick_server.rb:78:in `service'
    /usr/lib/ruby/1.8/webrick/httpserver.rb:104:in `service'
    /usr/lib/ruby/1.8/webrick/httpserver.rb:65:in `run'
    /usr/lib/ruby/1.8/webrick/server.rb:173:in `start_thread'
    /usr/lib/ruby/1.8/webrick/server.rb:162:in `start'
    /usr/lib/ruby/1.8/webrick/server.rb:162:in `start_thread'
    /usr/lib/ruby/1.8/webrick/server.rb:95:in `start'
    /usr/lib/ruby/1.8/webrick/server.rb:92:in `each'
    /usr/lib/ruby/1.8/webrick/server.rb:92:in `start'
    /usr/lib/ruby/1.8/webrick/server.rb:23:in `start'
    /usr/lib/ruby/1.8/webrick/server.rb:82:in `start'
    /usr/lib/ruby/gems/1.8/gems/rails-2.1.2/lib/webrick_server.rb:62:in `dispatch'
    /usr/lib/ruby/gems/1.8/gems/rails-2.1.2/lib/commands/servers/webrick.rb:66
    /usr/local/lib/site_ruby/1.8/rubygems/custom_require.rb:31:in `gem_original_require'
    /usr/local/lib/site_ruby/1.8/rubygems/custom_require.rb:31:in `require'
    /usr/lib/ruby/gems/1.8/gems/activesupport-2.1.2/lib/active_support/dependencies.rb:510:in `require'
    /usr/lib/ruby/gems/1.8/gems/activesupport-2.1.2/lib/active_support/dependencies.rb:355:in `new_constants_in'
    /usr/lib/ruby/gems/1.8/gems/activesupport-2.1.2/lib/active_support/dependencies.rb:510:in `require'
    /usr/lib/ruby/gems/1.8/gems/rails-2.1.2/lib/commands/server.rb:39
    /usr/local/lib/site_ruby/1.8/rubygems/custom_require.rb:31:in `gem_original_require'
    /usr/local/lib/site_ruby/1.8/rubygems/custom_require.rb:31:in `require'
    script/server:3

Rendering /usr/lib/ruby/gems/1.8/gems/actionpack-2.1.2/lib/action_controller/templates/rescues/layout.erb (internal_server_error)


Processing MplayerController#index (for 127.0.0.1 at 2008-12-02 18:06:40) [GET]
  Session ID: BAh7BiIKZmxhc2hJQzonQWN0aW9uQ29udHJvbGxlcjo6Rmxhc2g6OkZsYXNo
SGFzaHsABjoKQHVzZWR7AA==--bd6769812d89b09cb0c42dcc7ab580d54591c7fe
  Parameters: {"action"=>"index", "controller"=>"mplayer"}
Rendering mplayer/index


ActionView::MissingTemplate (Missing template mplayer/index.html.erb in view path /home/seb/src/github/railsmplayer/app/views):
    /usr/lib/ruby/gems/1.8/gems/actionpack-2.1.2/lib/action_view/template.rb:85:in `raise_missing_template_exception'
    /usr/lib/ruby/gems/1.8/gems/actionpack-2.1.2/lib/action_view/template.rb:78:in `set_extension_and_file_name'
    /usr/lib/ruby/gems/1.8/gems/actionpack-2.1.2/lib/action_view/template.rb:15:in `initialize'
    /usr/lib/ruby/gems/1.8/gems/actionpack-2.1.2/lib/action_view/base.rb:248:in `new'
    /usr/lib/ruby/gems/1.8/gems/actionpack-2.1.2/lib/action_view/base.rb:248:in `render_file'
    /usr/lib/ruby/gems/1.8/gems/actionpack-2.1.2/lib/action_controller/base.rb:1112:in `render_for_file'
    /usr/lib/ruby/gems/1.8/gems/actionpack-2.1.2/lib/action_controller/base.rb:845:in `render_with_no_layout'
    /usr/lib/ruby/gems/1.8/gems/actionpack-2.1.2/lib/action_controller/layout.rb:259:in `render_without_benchmark'
    /usr/lib/ruby/gems/1.8/gems/actionpack-2.1.2/lib/action_controller/benchmarking.rb:51:in `render'
    /usr/lib/ruby/gems/1.8/gems/activesupport-2.1.2/lib/active_support/core_ext/benchmark.rb:8:in `realtime'
    /usr/lib/ruby/gems/1.8/gems/actionpack-2.1.2/lib/action_controller/benchmarking.rb:51:in `render'
    /usr/lib/ruby/gems/1.8/gems/actionpack-2.1.2/lib/action_controller/base.rb:1161:in `default_render'
    /usr/lib/ruby/gems/1.8/gems/actionpack-2.1.2/lib/action_controller/base.rb:1167:in `perform_action_without_filters'
    /usr/lib/ruby/gems/1.8/gems/actionpack-2.1.2/lib/action_controller/filters.rb:579:in `call_filters'
    /usr/lib/ruby/gems/1.8/gems/actionpack-2.1.2/lib/action_controller/filters.rb:572:in `perform_action_without_benchmark'
    /usr/lib/ruby/gems/1.8/gems/actionpack-2.1.2/lib/action_controller/benchmarking.rb:68:in `perform_action_without_rescue'
    /usr/lib/ruby/1.8/benchmark.rb:293:in `measure'
    /usr/lib/ruby/gems/1.8/gems/actionpack-2.1.2/lib/action_controller/benchmarking.rb:68:in `perform_action_without_rescue'
    /usr/lib/ruby/gems/1.8/gems/actionpack-2.1.2/lib/action_controller/rescue.rb:201:in `perform_action_without_caching'
    /usr/lib/ruby/gems/1.8/gems/actionpack-2.1.2/lib/action_controller/caching/sql_cache.rb:13:in `perform_action'
    /usr/lib/ruby/gems/1.8/gems/activerecord-2.1.2/lib/active_record/connection_adapters/abstract/query_cache.rb:33:in `cache'
    /usr/lib/ruby/gems/1.8/gems/activerecord-2.1.2/lib/active_record/query_cache.rb:8:in `cache'
    /usr/lib/ruby/gems/1.8/gems/actionpack-2.1.2/lib/action_controller/caching/sql_cache.rb:12:in `perform_action'
    /usr/lib/ruby/gems/1.8/gems/actionpack-2.1.2/lib/action_controller/base.rb:529:in `send'
    /usr/lib/ruby/gems/1.8/gems/actionpack-2.1.2/lib/action_controller/base.rb:529:in `process_without_filters'
    /usr/lib/ruby/gems/1.8/gems/actionpack-2.1.2/lib/action_controller/filters.rb:568:in `process_without_session_management_support'
    /usr/lib/ruby/gems/1.8/gems/actionpack-2.1.2/lib/action_controller/session_management.rb:130:in `process'
    /usr/lib/ruby/gems/1.8/gems/actionpack-2.1.2/lib/action_controller/base.rb:389:in `process'
    /usr/lib/ruby/gems/1.8/gems/actionpack-2.1.2/lib/action_controller/dispatcher.rb:149:in `handle_request'
    /usr/lib/ruby/gems/1.8/gems/actionpack-2.1.2/lib/action_controller/dispatcher.rb:107:in `dispatch'
    /usr/lib/ruby/gems/1.8/gems/actionpack-2.1.2/lib/action_controller/dispatcher.rb:104:in `synchronize'
    /usr/lib/ruby/gems/1.8/gems/actionpack-2.1.2/lib/action_controller/dispatcher.rb:104:in `dispatch'
    /usr/lib/ruby/gems/1.8/gems/actionpack-2.1.2/lib/action_controller/dispatcher.rb:120:in `dispatch_cgi'
    /usr/lib/ruby/gems/1.8/gems/actionpack-2.1.2/lib/action_controller/dispatcher.rb:35:in `dispatch'
    /usr/lib/ruby/gems/1.8/gems/rails-2.1.2/lib/webrick_server.rb:112:in `handle_dispatch'
    /usr/lib/ruby/gems/1.8/gems/rails-2.1.2/lib/webrick_server.rb:78:in `service'
    /usr/lib/ruby/1.8/webrick/httpserver.rb:104:in `service'
    /usr/lib/ruby/1.8/webrick/httpserver.rb:65:in `run'
    /usr/lib/ruby/1.8/webrick/server.rb:173:in `start_thread'
    /usr/lib/ruby/1.8/webrick/server.rb:162:in `start'
    /usr/lib/ruby/1.8/webrick/server.rb:162:in `start_thread'
    /usr/lib/ruby/1.8/webrick/server.rb:95:in `start'
    /usr/lib/ruby/1.8/webrick/server.rb:92:in `each'
    /usr/lib/ruby/1.8/webrick/server.rb:92:in `start'
    /usr/lib/ruby/1.8/webrick/server.rb:23:in `start'
    /usr/lib/ruby/1.8/webrick/server.rb:82:in `start'
    /usr/lib/ruby/gems/1.8/gems/rails-2.1.2/lib/webrick_server.rb:62:in `dispatch'
    /usr/lib/ruby/gems/1.8/gems/rails-2.1.2/lib/commands/servers/webrick.rb:66
    /usr/local/lib/site_ruby/1.8/rubygems/custom_require.rb:31:in `gem_original_require'
    /usr/local/lib/site_ruby/1.8/rubygems/custom_require.rb:31:in `require'
    /usr/lib/ruby/gems/1.8/gems/activesupport-2.1.2/lib/active_support/dependencies.rb:510:in `require'
    /usr/lib/ruby/gems/1.8/gems/activesupport-2.1.2/lib/active_support/dependencies.rb:355:in `new_constants_in'
    /usr/lib/ruby/gems/1.8/gems/activesupport-2.1.2/lib/active_support/dependencies.rb:510:in `require'
    /usr/lib/ruby/gems/1.8/gems/rails-2.1.2/lib/commands/server.rb:39
    /usr/local/lib/site_ruby/1.8/rubygems/custom_require.rb:31:in `gem_original_require'
    /usr/local/lib/site_ruby/1.8/rubygems/custom_require.rb:31:in `require'
    script/server:3

Rendering /usr/lib/ruby/gems/1.8/gems/actionpack-2.1.2/lib/action_controller/templates/rescues/layout.erb (internal_server_error)


Processing MplayerController#index (for 127.0.0.1 at 2008-12-02 18:07:41) [GET]
  Session ID: BAh7BiIKZmxhc2hJQzonQWN0aW9uQ29udHJvbGxlcjo6Rmxhc2g6OkZsYXNo
SGFzaHsABjoKQHVzZWR7AA==--bd6769812d89b09cb0c42dcc7ab580d54591c7fe
  Parameters: {"action"=>"index", "controller"=>"mplayer"}
Rendering mplayer/index


ActionView::MissingTemplate (Missing template mplayer/index.html.erb in view path /home/seb/src/github/railsmplayer/app/views):
    /usr/lib/ruby/gems/1.8/gems/actionpack-2.1.2/lib/action_view/template.rb:85:in `raise_missing_template_exception'
    /usr/lib/ruby/gems/1.8/gems/actionpack-2.1.2/lib/action_view/template.rb:78:in `set_extension_and_file_name'
    /usr/lib/ruby/gems/1.8/gems/actionpack-2.1.2/lib/action_view/template.rb:15:in `initialize'
    /usr/lib/ruby/gems/1.8/gems/actionpack-2.1.2/lib/action_view/base.rb:248:in `new'
    /usr/lib/ruby/gems/1.8/gems/actionpack-2.1.2/lib/action_view/base.rb:248:in `render_file'
    /usr/lib/ruby/gems/1.8/gems/actionpack-2.1.2/lib/action_controller/base.rb:1112:in `render_for_file'
    /usr/lib/ruby/gems/1.8/gems/actionpack-2.1.2/lib/action_controller/base.rb:845:in `render_with_no_layout'
    /usr/lib/ruby/gems/1.8/gems/actionpack-2.1.2/lib/action_controller/layout.rb:259:in `render_without_benchmark'
    /usr/lib/ruby/gems/1.8/gems/actionpack-2.1.2/lib/action_controller/benchmarking.rb:51:in `render'
    /usr/lib/ruby/gems/1.8/gems/activesupport-2.1.2/lib/active_support/core_ext/benchmark.rb:8:in `realtime'
    /usr/lib/ruby/gems/1.8/gems/actionpack-2.1.2/lib/action_controller/benchmarking.rb:51:in `render'
    /usr/lib/ruby/gems/1.8/gems/actionpack-2.1.2/lib/action_controller/base.rb:1161:in `default_render'
    /usr/lib/ruby/gems/1.8/gems/actionpack-2.1.2/lib/action_controller/base.rb:1167:in `perform_action_without_filters'
    /usr/lib/ruby/gems/1.8/gems/actionpack-2.1.2/lib/action_controller/filters.rb:579:in `call_filters'
    /usr/lib/ruby/gems/1.8/gems/actionpack-2.1.2/lib/action_controller/filters.rb:572:in `perform_action_without_benchmark'
    /usr/lib/ruby/gems/1.8/gems/actionpack-2.1.2/lib/action_controller/benchmarking.rb:68:in `perform_action_without_rescue'
    /usr/lib/ruby/1.8/benchmark.rb:293:in `measure'
    /usr/lib/ruby/gems/1.8/gems/actionpack-2.1.2/lib/action_controller/benchmarking.rb:68:in `perform_action_without_rescue'
    /usr/lib/ruby/gems/1.8/gems/actionpack-2.1.2/lib/action_controller/rescue.rb:201:in `perform_action_without_caching'
    /usr/lib/ruby/gems/1.8/gems/actionpack-2.1.2/lib/action_controller/caching/sql_cache.rb:13:in `perform_action'
    /usr/lib/ruby/gems/1.8/gems/activerecord-2.1.2/lib/active_record/connection_adapters/abstract/query_cache.rb:33:in `cache'
    /usr/lib/ruby/gems/1.8/gems/activerecord-2.1.2/lib/active_record/query_cache.rb:8:in `cache'
    /usr/lib/ruby/gems/1.8/gems/actionpack-2.1.2/lib/action_controller/caching/sql_cache.rb:12:in `perform_action'
    /usr/lib/ruby/gems/1.8/gems/actionpack-2.1.2/lib/action_controller/base.rb:529:in `send'
    /usr/lib/ruby/gems/1.8/gems/actionpack-2.1.2/lib/action_controller/base.rb:529:in `process_without_filters'
    /usr/lib/ruby/gems/1.8/gems/actionpack-2.1.2/lib/action_controller/filters.rb:568:in `process_without_session_management_support'
    /usr/lib/ruby/gems/1.8/gems/actionpack-2.1.2/lib/action_controller/session_management.rb:130:in `process'
    /usr/lib/ruby/gems/1.8/gems/actionpack-2.1.2/lib/action_controller/base.rb:389:in `process'
    /usr/lib/ruby/gems/1.8/gems/actionpack-2.1.2/lib/action_controller/dispatcher.rb:149:in `handle_request'
    /usr/lib/ruby/gems/1.8/gems/actionpack-2.1.2/lib/action_controller/dispatcher.rb:107:in `dispatch'
    /usr/lib/ruby/gems/1.8/gems/actionpack-2.1.2/lib/action_controller/dispatcher.rb:104:in `synchronize'
    /usr/lib/ruby/gems/1.8/gems/actionpack-2.1.2/lib/action_controller/dispatcher.rb:104:in `dispatch'
    /usr/lib/ruby/gems/1.8/gems/actionpack-2.1.2/lib/action_controller/dispatcher.rb:120:in `dispatch_cgi'
    /usr/lib/ruby/gems/1.8/gems/actionpack-2.1.2/lib/action_controller/dispatcher.rb:35:in `dispatch'
    /usr/lib/ruby/gems/1.8/gems/rails-2.1.2/lib/webrick_server.rb:112:in `handle_dispatch'
    /usr/lib/ruby/gems/1.8/gems/rails-2.1.2/lib/webrick_server.rb:78:in `service'
    /usr/lib/ruby/1.8/webrick/httpserver.rb:104:in `service'
    /usr/lib/ruby/1.8/webrick/httpserver.rb:65:in `run'
    /usr/lib/ruby/1.8/webrick/server.rb:173:in `start_thread'
    /usr/lib/ruby/1.8/webrick/server.rb:162:in `start'
    /usr/lib/ruby/1.8/webrick/server.rb:162:in `start_thread'
    /usr/lib/ruby/1.8/webrick/server.rb:95:in `start'
    /usr/lib/ruby/1.8/webrick/server.rb:92:in `each'
    /usr/lib/ruby/1.8/webrick/server.rb:92:in `start'
    /usr/lib/ruby/1.8/webrick/server.rb:23:in `start'
    /usr/lib/ruby/1.8/webrick/server.rb:82:in `start'
    /usr/lib/ruby/gems/1.8/gems/rails-2.1.2/lib/webrick_server.rb:62:in `dispatch'
    /usr/lib/ruby/gems/1.8/gems/rails-2.1.2/lib/commands/servers/webrick.rb:66
    /usr/local/lib/site_ruby/1.8/rubygems/custom_require.rb:31:in `gem_original_require'
    /usr/local/lib/site_ruby/1.8/rubygems/custom_require.rb:31:in `require'
    /usr/lib/ruby/gems/1.8/gems/activesupport-2.1.2/lib/active_support/dependencies.rb:510:in `require'
    /usr/lib/ruby/gems/1.8/gems/activesupport-2.1.2/lib/active_support/dependencies.rb:355:in `new_constants_in'
    /usr/lib/ruby/gems/1.8/gems/activesupport-2.1.2/lib/active_support/dependencies.rb:510:in `require'
    /usr/lib/ruby/gems/1.8/gems/rails-2.1.2/lib/commands/server.rb:39
    /usr/local/lib/site_ruby/1.8/rubygems/custom_require.rb:31:in `gem_original_require'
    /usr/local/lib/site_ruby/1.8/rubygems/custom_require.rb:31:in `require'
    script/server:3

Rendering /usr/lib/ruby/gems/1.8/gems/actionpack-2.1.2/lib/action_controller/templates/rescues/layout.erb (internal_server_error)


Processing MplayerController#index (for 127.0.0.1 at 2008-12-02 18:08:00) [GET]
  Session ID: BAh7BiIKZmxhc2hJQzonQWN0aW9uQ29udHJvbGxlcjo6Rmxhc2g6OkZsYXNo
SGFzaHsABjoKQHVzZWR7AA==--bd6769812d89b09cb0c42dcc7ab580d54591c7fe
  Parameters: {"action"=>"index", "controller"=>"mplayer"}
Rendering mplayer/index
Completed in 0.00418 (238 reqs/sec) | Rendering: 0.00179 (42%) | DB: 0.00000 (0%) | 200 OK [http://localhost/mplayer]


Processing MplayerController#index (for 127.0.0.1 at 2008-12-02 18:08:35) [GET]
  Session ID: BAh7BiIKZmxhc2hJQzonQWN0aW9uQ29udHJvbGxlcjo6Rmxhc2g6OkZsYXNo
SGFzaHsABjoKQHVzZWR7AA==--bd6769812d89b09cb0c42dcc7ab580d54591c7fe
  Parameters: {"action"=>"index", "controller"=>"mplayer"}


RuntimeError ():
    /app/controllers/mplayer_controller.rb:3:in `index'
    /usr/lib/ruby/gems/1.8/gems/actionpack-2.1.2/lib/action_controller/base.rb:1166:in `send'
    /usr/lib/ruby/gems/1.8/gems/actionpack-2.1.2/lib/action_controller/base.rb:1166:in `perform_action_without_filters'
    /usr/lib/ruby/gems/1.8/gems/actionpack-2.1.2/lib/action_controller/filters.rb:579:in `call_filters'
    /usr/lib/ruby/gems/1.8/gems/actionpack-2.1.2/lib/action_controller/filters.rb:572:in `perform_action_without_benchmark'
    /usr/lib/ruby/gems/1.8/gems/actionpack-2.1.2/lib/action_controller/benchmarking.rb:68:in `perform_action_without_rescue'
    /usr/lib/ruby/1.8/benchmark.rb:293:in `measure'
    /usr/lib/ruby/gems/1.8/gems/actionpack-2.1.2/lib/action_controller/benchmarking.rb:68:in `perform_action_without_rescue'
    /usr/lib/ruby/gems/1.8/gems/actionpack-2.1.2/lib/action_controller/rescue.rb:201:in `perform_action_without_caching'
    /usr/lib/ruby/gems/1.8/gems/actionpack-2.1.2/lib/action_controller/caching/sql_cache.rb:13:in `perform_action'
    /usr/lib/ruby/gems/1.8/gems/activerecord-2.1.2/lib/active_record/connection_adapters/abstract/query_cache.rb:33:in `cache'
    /usr/lib/ruby/gems/1.8/gems/activerecord-2.1.2/lib/active_record/query_cache.rb:8:in `cache'
    /usr/lib/ruby/gems/1.8/gems/actionpack-2.1.2/lib/action_controller/caching/sql_cache.rb:12:in `perform_action'
    /usr/lib/ruby/gems/1.8/gems/actionpack-2.1.2/lib/action_controller/base.rb:529:in `send'
    /usr/lib/ruby/gems/1.8/gems/actionpack-2.1.2/lib/action_controller/base.rb:529:in `process_without_filters'
    /usr/lib/ruby/gems/1.8/gems/actionpack-2.1.2/lib/action_controller/filters.rb:568:in `process_without_session_management_support'
    /usr/lib/ruby/gems/1.8/gems/actionpack-2.1.2/lib/action_controller/session_management.rb:130:in `sass_old_process'
    /usr/lib/ruby/gems/1.8/gems/haml-2.0.4/lib/sass/plugin/rails.rb:19:in `process'
    /usr/lib/ruby/gems/1.8/gems/actionpack-2.1.2/lib/action_controller/base.rb:389:in `process'
    /usr/lib/ruby/gems/1.8/gems/actionpack-2.1.2/lib/action_controller/dispatcher.rb:149:in `handle_request'
    /usr/lib/ruby/gems/1.8/gems/actionpack-2.1.2/lib/action_controller/dispatcher.rb:107:in `dispatch'
    /usr/lib/ruby/gems/1.8/gems/actionpack-2.1.2/lib/action_controller/dispatcher.rb:104:in `synchronize'
    /usr/lib/ruby/gems/1.8/gems/actionpack-2.1.2/lib/action_controller/dispatcher.rb:104:in `dispatch'
    /usr/lib/ruby/gems/1.8/gems/actionpack-2.1.2/lib/action_controller/dispatcher.rb:120:in `dispatch_cgi'
    /usr/lib/ruby/gems/1.8/gems/actionpack-2.1.2/lib/action_controller/dispatcher.rb:35:in `dispatch'
    /usr/lib/ruby/gems/1.8/gems/rails-2.1.2/lib/webrick_server.rb:112:in `handle_dispatch'
    /usr/lib/ruby/gems/1.8/gems/rails-2.1.2/lib/webrick_server.rb:78:in `service'
    /usr/lib/ruby/1.8/webrick/httpserver.rb:104:in `service'
    /usr/lib/ruby/1.8/webrick/httpserver.rb:65:in `run'
    /usr/lib/ruby/1.8/webrick/server.rb:173:in `start_thread'
    /usr/lib/ruby/1.8/webrick/server.rb:162:in `start'
    /usr/lib/ruby/1.8/webrick/server.rb:162:in `start_thread'
    /usr/lib/ruby/1.8/webrick/server.rb:95:in `start'
    /usr/lib/ruby/1.8/webrick/server.rb:92:in `each'
    /usr/lib/ruby/1.8/webrick/server.rb:92:in `start'
    /usr/lib/ruby/1.8/webrick/server.rb:23:in `start'
    /usr/lib/ruby/1.8/webrick/server.rb:82:in `start'
    /usr/lib/ruby/gems/1.8/gems/rails-2.1.2/lib/webrick_server.rb:62:in `dispatch'
    /usr/lib/ruby/gems/1.8/gems/rails-2.1.2/lib/commands/servers/webrick.rb:66
    /usr/local/lib/site_ruby/1.8/rubygems/custom_require.rb:31:in `gem_original_require'
    /usr/local/lib/site_ruby/1.8/rubygems/custom_require.rb:31:in `require'
    /usr/lib/ruby/gems/1.8/gems/activesupport-2.1.2/lib/active_support/dependencies.rb:510:in `require'
    /usr/lib/ruby/gems/1.8/gems/activesupport-2.1.2/lib/active_support/dependencies.rb:355:in `new_constants_in'
    /usr/lib/ruby/gems/1.8/gems/activesupport-2.1.2/lib/active_support/dependencies.rb:510:in `require'
    /usr/lib/ruby/gems/1.8/gems/rails-2.1.2/lib/commands/server.rb:39
    /usr/local/lib/site_ruby/1.8/rubygems/custom_require.rb:31:in `gem_original_require'
    /usr/local/lib/site_ruby/1.8/rubygems/custom_require.rb:31:in `require'
    script/server:3

Rendering /usr/lib/ruby/gems/1.8/gems/actionpack-2.1.2/lib/action_controller/templates/rescues/layout.erb (internal_server_error)


Processing MplayerController#index (for 127.0.0.1 at 2008-12-02 18:08:42) [GET]
  Session ID: BAh7BiIKZmxhc2hJQzonQWN0aW9uQ29udHJvbGxlcjo6Rmxhc2g6OkZsYXNo
SGFzaHsABjoKQHVzZWR7AA==--bd6769812d89b09cb0c42dcc7ab580d54591c7fe
  Parameters: {"action"=>"index", "controller"=>"mplayer"}
Rendering mplayer/index
Completed in 0.01532 (65 reqs/sec) | Rendering: 0.01304 (85%) | DB: 0.00000 (0%) | 200 OK [http://localhost/mplayer]


Processing CommandsController#index (for 127.0.0.1 at 2008-12-02 18:20:27) [GET]
  Session ID: BAh7BiIKZmxhc2hJQzonQWN0aW9uQ29udHJvbGxlcjo6Rmxhc2g6OkZsYXNo
SGFzaHsABjoKQHVzZWR7AA==--bd6769812d89b09cb0c42dcc7ab580d54591c7fe
  Parameters: {"action"=>"index", "controller"=>"commands"}
Rendering commands/index
Completed in 0.01984 (50 reqs/sec) | Rendering: 0.00559 (28%) | DB: 0.00000 (0%) | 200 OK [http://localhost/commands]


Processing CommandsController#new (for 127.0.0.1 at 2008-12-02 18:21:18) [GET]
  Session ID: BAh7BiIKZmxhc2hJQzonQWN0aW9uQ29udHJvbGxlcjo6Rmxhc2g6OkZsYXNo
SGFzaHsABjoKQHVzZWR7AA==--bd6769812d89b09cb0c42dcc7ab580d54591c7fe
  Parameters: {"action"=>"new", "controller"=>"commands"}
Rendering commands/new
Completed in 0.00386 (259 reqs/sec) | Rendering: 0.00155 (40%) | DB: 0.00000 (0%) | 200 OK [http://localhost/commands/new]


Processing CommandsController#new (for 127.0.0.1 at 2008-12-02 18:24:46) [GET]
  Session ID: BAh7BiIKZmxhc2hJQzonQWN0aW9uQ29udHJvbGxlcjo6Rmxhc2g6OkZsYXNo
SGFzaHsABjoKQHVzZWR7AA==--bd6769812d89b09cb0c42dcc7ab580d54591c7fe
  Parameters: {"action"=>"new", "controller"=>"commands"}
Rendering commands/new


ActionView::TemplateError (You have a nil object when you didn't expect it!
You might have expected an instance of ActiveRecord::Base.
The error occurred while evaluating nil.new_record?) on line #4 of commands/new.html.haml:
1: Create new Command
2: 
3: 
4: = form :command do |f|
5:   f.text_field call
6:   f.submit

    /usr/lib/ruby/gems/1.8/gems/actionpack-2.1.2/lib/action_view/helpers/active_record_helper.rb:79:in `form'
    app/views/commands/new.html.haml:4:in `_run_plugin_47app47views47commands47new46html46haml'
    /usr/lib/ruby/gems/1.8/gems/actionpack-2.1.2/lib/action_view/base.rb:342:in `send'
    /usr/lib/ruby/gems/1.8/gems/actionpack-2.1.2/lib/action_view/base.rb:342:in `execute'
    /usr/lib/ruby/gems/1.8/gems/actionpack-2.1.2/lib/action_view/template_handlers/compilable.rb:29:in `send'
    /usr/lib/ruby/gems/1.8/gems/actionpack-2.1.2/lib/action_view/template_handlers/compilable.rb:29:in `render'
    /usr/lib/ruby/gems/1.8/gems/actionpack-2.1.2/lib/action_view/template.rb:35:in `render'
    /usr/lib/ruby/gems/1.8/gems/actionpack-2.1.2/lib/action_view/template.rb:22:in `render_template'
    /usr/lib/ruby/gems/1.8/gems/actionpack-2.1.2/lib/action_view/base.rb:248:in `render_file'
    /usr/lib/ruby/gems/1.8/gems/actionpack-2.1.2/lib/action_controller/base.rb:1112:in `render_for_file'
    /usr/lib/ruby/gems/1.8/gems/actionpack-2.1.2/lib/action_controller/base.rb:845:in `render_with_no_layout'
    /usr/lib/ruby/gems/1.8/gems/actionpack-2.1.2/lib/action_controller/layout.rb:259:in `render_without_benchmark'
    /usr/lib/ruby/gems/1.8/gems/actionpack-2.1.2/lib/action_controller/benchmarking.rb:51:in `render'
    /usr/lib/ruby/gems/1.8/gems/activesupport-2.1.2/lib/active_support/core_ext/benchmark.rb:8:in `realtime'
    /usr/lib/ruby/gems/1.8/gems/actionpack-2.1.2/lib/action_controller/benchmarking.rb:51:in `render'
    /usr/lib/ruby/gems/1.8/gems/actionpack-2.1.2/lib/action_controller/base.rb:1161:in `default_render'
    /usr/lib/ruby/gems/1.8/gems/actionpack-2.1.2/lib/action_controller/base.rb:1167:in `perform_action_without_filters'
    /usr/lib/ruby/gems/1.8/gems/actionpack-2.1.2/lib/action_controller/filters.rb:579:in `call_filters'
    /usr/lib/ruby/gems/1.8/gems/actionpack-2.1.2/lib/action_controller/filters.rb:572:in `perform_action_without_benchmark'
    /usr/lib/ruby/gems/1.8/gems/actionpack-2.1.2/lib/action_controller/benchmarking.rb:68:in `perform_action_without_rescue'
    /usr/lib/ruby/1.8/benchmark.rb:293:in `measure'
    /usr/lib/ruby/gems/1.8/gems/actionpack-2.1.2/lib/action_controller/benchmarking.rb:68:in `perform_action_without_rescue'
    /usr/lib/ruby/gems/1.8/gems/actionpack-2.1.2/lib/action_controller/rescue.rb:201:in `perform_action_without_caching'
    /usr/lib/ruby/gems/1.8/gems/actionpack-2.1.2/lib/action_controller/caching/sql_cache.rb:13:in `perform_action'
    /usr/lib/ruby/gems/1.8/gems/activerecord-2.1.2/lib/active_record/connection_adapters/abstract/query_cache.rb:33:in `cache'
    /usr/lib/ruby/gems/1.8/gems/activerecord-2.1.2/lib/active_record/query_cache.rb:8:in `cache'
    /usr/lib/ruby/gems/1.8/gems/actionpack-2.1.2/lib/action_controller/caching/sql_cache.rb:12:in `perform_action'
    /usr/lib/ruby/gems/1.8/gems/actionpack-2.1.2/lib/action_controller/base.rb:529:in `send'
    /usr/lib/ruby/gems/1.8/gems/actionpack-2.1.2/lib/action_controller/base.rb:529:in `process_without_filters'
    /usr/lib/ruby/gems/1.8/gems/actionpack-2.1.2/lib/action_controller/filters.rb:568:in `process_without_session_management_support'
    /usr/lib/ruby/gems/1.8/gems/actionpack-2.1.2/lib/action_controller/session_management.rb:130:in `sass_old_process'
    /usr/lib/ruby/gems/1.8/gems/haml-2.0.4/lib/sass/plugin/rails.rb:19:in `process'
    /usr/lib/ruby/gems/1.8/gems/actionpack-2.1.2/lib/action_controller/base.rb:389:in `process'
    /usr/lib/ruby/gems/1.8/gems/actionpack-2.1.2/lib/action_controller/dispatcher.rb:149:in `handle_request'
    /usr/lib/ruby/gems/1.8/gems/actionpack-2.1.2/lib/action_controller/dispatcher.rb:107:in `dispatch'
    /usr/lib/ruby/gems/1.8/gems/actionpack-2.1.2/lib/action_controller/dispatcher.rb:104:in `synchronize'
    /usr/lib/ruby/gems/1.8/gems/actionpack-2.1.2/lib/action_controller/dispatcher.rb:104:in `dispatch'
    /usr/lib/ruby/gems/1.8/gems/actionpack-2.1.2/lib/action_controller/dispatcher.rb:120:in `dispatch_cgi'
    /usr/lib/ruby/gems/1.8/gems/actionpack-2.1.2/lib/action_controller/dispatcher.rb:35:in `dispatch'
    /usr/lib/ruby/gems/1.8/gems/rails-2.1.2/lib/webrick_server.rb:112:in `handle_dispatch'
    /usr/lib/ruby/gems/1.8/gems/rails-2.1.2/lib/webrick_server.rb:78:in `service'
    /usr/lib/ruby/1.8/webrick/httpserver.rb:104:in `service'
    /usr/lib/ruby/1.8/webrick/httpserver.rb:65:in `run'
    /usr/lib/ruby/1.8/webrick/server.rb:173:in `start_thread'
    /usr/lib/ruby/1.8/webrick/server.rb:162:in `start'
    /usr/lib/ruby/1.8/webrick/server.rb:162:in `start_thread'
    /usr/lib/ruby/1.8/webrick/server.rb:95:in `start'
    /usr/lib/ruby/1.8/webrick/server.rb:92:in `each'
    /usr/lib/ruby/1.8/webrick/server.rb:92:in `start'
    /usr/lib/ruby/1.8/webrick/server.rb:23:in `start'
    /usr/lib/ruby/1.8/webrick/server.rb:82:in `start'
    /usr/lib/ruby/gems/1.8/gems/rails-2.1.2/lib/webrick_server.rb:62:in `dispatch'
    /usr/lib/ruby/gems/1.8/gems/rails-2.1.2/lib/commands/servers/webrick.rb:66
    /usr/local/lib/site_ruby/1.8/rubygems/custom_require.rb:31:in `gem_original_require'
    /usr/local/lib/site_ruby/1.8/rubygems/custom_require.rb:31:in `require'
    /usr/lib/ruby/gems/1.8/gems/activesupport-2.1.2/lib/active_support/dependencies.rb:510:in `require'
    /usr/lib/ruby/gems/1.8/gems/activesupport-2.1.2/lib/active_support/dependencies.rb:355:in `new_constants_in'
    /usr/lib/ruby/gems/1.8/gems/activesupport-2.1.2/lib/active_support/dependencies.rb:510:in `require'
    /usr/lib/ruby/gems/1.8/gems/rails-2.1.2/lib/commands/server.rb:39
    /usr/local/lib/site_ruby/1.8/rubygems/custom_require.rb:31:in `gem_original_require'
    /usr/local/lib/site_ruby/1.8/rubygems/custom_require.rb:31:in `require'
    script/server:3

Rendering /usr/lib/ruby/gems/1.8/gems/actionpack-2.1.2/lib/action_controller/templates/rescues/layout.erb (internal_server_error)


Processing CommandsController#new (for 127.0.0.1 at 2008-12-02 18:25:33) [GET]
  Session ID: BAh7BiIKZmxhc2hJQzonQWN0aW9uQ29udHJvbGxlcjo6Rmxhc2g6OkZsYXNo
SGFzaHsABjoKQHVzZWR7AA==--bd6769812d89b09cb0c42dcc7ab580d54591c7fe
  Parameters: {"action"=>"new", "controller"=>"commands"}
Rendering commands/new


ActionView::TemplateError (`@#<Command:0xf6fb47ac>' is not allowed as an instance variable name) on line #4 of commands/new.html.haml:
1: Create new Command
2: 
3: 
4: = form @command do |f|
5:   f.text_field call
6:   f.submit

    /usr/lib/ruby/gems/1.8/gems/actionpack-2.1.2/lib/action_view/helpers/active_record_helper.rb:76:in `instance_variable_get'
    /usr/lib/ruby/gems/1.8/gems/actionpack-2.1.2/lib/action_view/helpers/active_record_helper.rb:76:in `form'
    app/views/commands/new.html.haml:4:in `_run_plugin_47app47views47commands47new46html46haml'
    /usr/lib/ruby/gems/1.8/gems/actionpack-2.1.2/lib/action_view/base.rb:342:in `send'
    /usr/lib/ruby/gems/1.8/gems/actionpack-2.1.2/lib/action_view/base.rb:342:in `execute'
    /usr/lib/ruby/gems/1.8/gems/actionpack-2.1.2/lib/action_view/template_handlers/compilable.rb:29:in `send'
    /usr/lib/ruby/gems/1.8/gems/actionpack-2.1.2/lib/action_view/template_handlers/compilable.rb:29:in `render'
    /usr/lib/ruby/gems/1.8/gems/actionpack-2.1.2/lib/action_view/template.rb:35:in `render'
    /usr/lib/ruby/gems/1.8/gems/actionpack-2.1.2/lib/action_view/template.rb:22:in `render_template'
    /usr/lib/ruby/gems/1.8/gems/actionpack-2.1.2/lib/action_view/base.rb:248:in `render_file'
    /usr/lib/ruby/gems/1.8/gems/actionpack-2.1.2/lib/action_controller/base.rb:1112:in `render_for_file'
    /usr/lib/ruby/gems/1.8/gems/actionpack-2.1.2/lib/action_controller/base.rb:845:in `render_with_no_layout'
    /usr/lib/ruby/gems/1.8/gems/actionpack-2.1.2/lib/action_controller/layout.rb:259:in `render_without_benchmark'
    /usr/lib/ruby/gems/1.8/gems/actionpack-2.1.2/lib/action_controller/benchmarking.rb:51:in `render'
    /usr/lib/ruby/gems/1.8/gems/activesupport-2.1.2/lib/active_support/core_ext/benchmark.rb:8:in `realtime'
    /usr/lib/ruby/gems/1.8/gems/actionpack-2.1.2/lib/action_controller/benchmarking.rb:51:in `render'
    /usr/lib/ruby/gems/1.8/gems/actionpack-2.1.2/lib/action_controller/base.rb:1161:in `default_render'
    /usr/lib/ruby/gems/1.8/gems/actionpack-2.1.2/lib/action_controller/base.rb:1167:in `perform_action_without_filters'
    /usr/lib/ruby/gems/1.8/gems/actionpack-2.1.2/lib/action_controller/filters.rb:579:in `call_filters'
    /usr/lib/ruby/gems/1.8/gems/actionpack-2.1.2/lib/action_controller/filters.rb:572:in `perform_action_without_benchmark'
    /usr/lib/ruby/gems/1.8/gems/actionpack-2.1.2/lib/action_controller/benchmarking.rb:68:in `perform_action_without_rescue'
    /usr/lib/ruby/1.8/benchmark.rb:293:in `measure'
    /usr/lib/ruby/gems/1.8/gems/actionpack-2.1.2/lib/action_controller/benchmarking.rb:68:in `perform_action_without_rescue'
    /usr/lib/ruby/gems/1.8/gems/actionpack-2.1.2/lib/action_controller/rescue.rb:201:in `perform_action_without_caching'
    /usr/lib/ruby/gems/1.8/gems/actionpack-2.1.2/lib/action_controller/caching/sql_cache.rb:13:in `perform_action'
    /usr/lib/ruby/gems/1.8/gems/activerecord-2.1.2/lib/active_record/connection_adapters/abstract/query_cache.rb:33:in `cache'
    /usr/lib/ruby/gems/1.8/gems/activerecord-2.1.2/lib/active_record/query_cache.rb:8:in `cache'
    /usr/lib/ruby/gems/1.8/gems/actionpack-2.1.2/lib/action_controller/caching/sql_cache.rb:12:in `perform_action'
    /usr/lib/ruby/gems/1.8/gems/actionpack-2.1.2/lib/action_controller/base.rb:529:in `send'
    /usr/lib/ruby/gems/1.8/gems/actionpack-2.1.2/lib/action_controller/base.rb:529:in `process_without_filters'
    /usr/lib/ruby/gems/1.8/gems/actionpack-2.1.2/lib/action_controller/filters.rb:568:in `process_without_session_management_support'
    /usr/lib/ruby/gems/1.8/gems/actionpack-2.1.2/lib/action_controller/session_management.rb:130:in `sass_old_process'
    /usr/lib/ruby/gems/1.8/gems/haml-2.0.4/lib/sass/plugin/rails.rb:19:in `process'
    /usr/lib/ruby/gems/1.8/gems/actionpack-2.1.2/lib/action_controller/base.rb:389:in `process'
    /usr/lib/ruby/gems/1.8/gems/actionpack-2.1.2/lib/action_controller/dispatcher.rb:149:in `handle_request'
    /usr/lib/ruby/gems/1.8/gems/actionpack-2.1.2/lib/action_controller/dispatcher.rb:107:in `dispatch'
    /usr/lib/ruby/gems/1.8/gems/actionpack-2.1.2/lib/action_controller/dispatcher.rb:104:in `synchronize'
    /usr/lib/ruby/gems/1.8/gems/actionpack-2.1.2/lib/action_controller/dispatcher.rb:104:in `dispatch'
    /usr/lib/ruby/gems/1.8/gems/actionpack-2.1.2/lib/action_controller/dispatcher.rb:120:in `dispatch_cgi'
    /usr/lib/ruby/gems/1.8/gems/actionpack-2.1.2/lib/action_controller/dispatcher.rb:35:in `dispatch'
    /usr/lib/ruby/gems/1.8/gems/rails-2.1.2/lib/webrick_server.rb:112:in `handle_dispatch'
    /usr/lib/ruby/gems/1.8/gems/rails-2.1.2/lib/webrick_server.rb:78:in `service'
    /usr/lib/ruby/1.8/webrick/httpserver.rb:104:in `service'
    /usr/lib/ruby/1.8/webrick/httpserver.rb:65:in `run'
    /usr/lib/ruby/1.8/webrick/server.rb:173:in `start_thread'
    /usr/lib/ruby/1.8/webrick/server.rb:162:in `start'
    /usr/lib/ruby/1.8/webrick/server.rb:162:in `start_thread'
    /usr/lib/ruby/1.8/webrick/server.rb:95:in `start'
    /usr/lib/ruby/1.8/webrick/server.rb:92:in `each'
    /usr/lib/ruby/1.8/webrick/server.rb:92:in `start'
    /usr/lib/ruby/1.8/webrick/server.rb:23:in `start'
    /usr/lib/ruby/1.8/webrick/server.rb:82:in `start'
    /usr/lib/ruby/gems/1.8/gems/rails-2.1.2/lib/webrick_server.rb:62:in `dispatch'
    /usr/lib/ruby/gems/1.8/gems/rails-2.1.2/lib/commands/servers/webrick.rb:66
    /usr/local/lib/site_ruby/1.8/rubygems/custom_require.rb:31:in `gem_original_require'
    /usr/local/lib/site_ruby/1.8/rubygems/custom_require.rb:31:in `require'
    /usr/lib/ruby/gems/1.8/gems/activesupport-2.1.2/lib/active_support/dependencies.rb:510:in `require'
    /usr/lib/ruby/gems/1.8/gems/activesupport-2.1.2/lib/active_support/dependencies.rb:355:in `new_constants_in'
    /usr/lib/ruby/gems/1.8/gems/activesupport-2.1.2/lib/active_support/dependencies.rb:510:in `require'
    /usr/lib/ruby/gems/1.8/gems/rails-2.1.2/lib/commands/server.rb:39
    /usr/local/lib/site_ruby/1.8/rubygems/custom_require.rb:31:in `gem_original_require'
    /usr/local/lib/site_ruby/1.8/rubygems/custom_require.rb:31:in `require'
    script/server:3

Rendering /usr/lib/ruby/gems/1.8/gems/actionpack-2.1.2/lib/action_controller/templates/rescues/layout.erb (internal_server_error)


Processing CommandsController#new (for 127.0.0.1 at 2008-12-02 18:26:27) [GET]
  Session ID: BAh7BiIKZmxhc2hJQzonQWN0aW9uQ29udHJvbGxlcjo6Rmxhc2g6OkZsYXNo
SGFzaHsABjoKQHVzZWR7AA==--bd6769812d89b09cb0c42dcc7ab580d54591c7fe
  Parameters: {"action"=>"new", "controller"=>"commands"}
Rendering commands/new
Completed in 0.03172 (31 reqs/sec) | Rendering: 0.00508 (16%) | DB: 0.00000 (0%) | 200 OK [http://localhost/commands/new]


Processing CommandsController#new (for 127.0.0.1 at 2008-12-02 18:26:40) [GET]
  Session ID: BAh7BzoMY3NyZl9pZCIlZTNmNGU4NmZmMzk0ODA5ZjhlNGQ0MjYxYmVhNmY0
MGYiCmZsYXNoSUM6J0FjdGlvbkNvbnRyb2xsZXI6OkZsYXNoOjpGbGFzaEhh
c2h7AAY6CkB1c2VkewA=--208b2c9d5737c9aeef94b2c9071e5811a68fd720
  Parameters: {"action"=>"new", "controller"=>"commands"}
Rendering commands/new


ActionView::TemplateError (undefined local variable or method `call' for #<ActionView::Base:0xf70a1db8>) on line #5 of commands/new.html.haml:
2: 
3: 
4: - form_for @command do |f|
5:   = f.text_field call
6:   = f.submit

    app/views/commands/new.html.haml:5:in `_run_plugin_47app47views47commands47new46html46haml'
    /usr/lib/ruby/gems/1.8/gems/haml-2.0.4/lib/haml/helpers/action_view_mods.rb:165:in `call'
    /usr/lib/ruby/gems/1.8/gems/haml-2.0.4/lib/haml/helpers/action_view_mods.rb:165:in `form_for'
    /usr/lib/ruby/gems/1.8/gems/haml-2.0.4/lib/haml/helpers.rb:435:in `call'
    /usr/lib/ruby/gems/1.8/gems/haml-2.0.4/lib/haml/helpers.rb:435:in `haml_bind_proc'
    /usr/lib/ruby/gems/1.8/gems/actionpack-2.1.2/lib/action_view/helpers/form_helper.rb:317:in `fields_for'
    /usr/lib/ruby/gems/1.8/gems/actionpack-2.1.2/lib/action_view/helpers/form_helper.rb:253:in `form_for_without_haml'
    /usr/lib/ruby/gems/1.8/gems/haml-2.0.4/lib/haml/helpers/action_view_mods.rb:169:in `form_for'
    app/views/commands/new.html.haml:4:in `_run_plugin_47app47views47commands47new46html46haml'
    /usr/lib/ruby/gems/1.8/gems/actionpack-2.1.2/lib/action_view/base.rb:342:in `send'
    /usr/lib/ruby/gems/1.8/gems/actionpack-2.1.2/lib/action_view/base.rb:342:in `execute'
    /usr/lib/ruby/gems/1.8/gems/actionpack-2.1.2/lib/action_view/template_handlers/compilable.rb:29:in `send'
    /usr/lib/ruby/gems/1.8/gems/actionpack-2.1.2/lib/action_view/template_handlers/compilable.rb:29:in `render'
    /usr/lib/ruby/gems/1.8/gems/actionpack-2.1.2/lib/action_view/template.rb:35:in `render'
    /usr/lib/ruby/gems/1.8/gems/actionpack-2.1.2/lib/action_view/template.rb:22:in `render_template'
    /usr/lib/ruby/gems/1.8/gems/actionpack-2.1.2/lib/action_view/base.rb:248:in `render_file'
    /usr/lib/ruby/gems/1.8/gems/actionpack-2.1.2/lib/action_controller/base.rb:1112:in `render_for_file'
    /usr/lib/ruby/gems/1.8/gems/actionpack-2.1.2/lib/action_controller/base.rb:845:in `render_with_no_layout'
    /usr/lib/ruby/gems/1.8/gems/actionpack-2.1.2/lib/action_controller/layout.rb:259:in `render_without_benchmark'
    /usr/lib/ruby/gems/1.8/gems/actionpack-2.1.2/lib/action_controller/benchmarking.rb:51:in `render'
    /usr/lib/ruby/gems/1.8/gems/activesupport-2.1.2/lib/active_support/core_ext/benchmark.rb:8:in `realtime'
    /usr/lib/ruby/gems/1.8/gems/actionpack-2.1.2/lib/action_controller/benchmarking.rb:51:in `render'
    /usr/lib/ruby/gems/1.8/gems/actionpack-2.1.2/lib/action_controller/base.rb:1161:in `default_render'
    /usr/lib/ruby/gems/1.8/gems/actionpack-2.1.2/lib/action_controller/base.rb:1167:in `perform_action_without_filters'
    /usr/lib/ruby/gems/1.8/gems/actionpack-2.1.2/lib/action_controller/filters.rb:579:in `call_filters'
    /usr/lib/ruby/gems/1.8/gems/actionpack-2.1.2/lib/action_controller/filters.rb:572:in `perform_action_without_benchmark'
    /usr/lib/ruby/gems/1.8/gems/actionpack-2.1.2/lib/action_controller/benchmarking.rb:68:in `perform_action_without_rescue'
    /usr/lib/ruby/1.8/benchmark.rb:293:in `measure'
    /usr/lib/ruby/gems/1.8/gems/actionpack-2.1.2/lib/action_controller/benchmarking.rb:68:in `perform_action_without_rescue'
    /usr/lib/ruby/gems/1.8/gems/actionpack-2.1.2/lib/action_controller/rescue.rb:201:in `perform_action_without_caching'
    /usr/lib/ruby/gems/1.8/gems/actionpack-2.1.2/lib/action_controller/caching/sql_cache.rb:13:in `perform_action'
    /usr/lib/ruby/gems/1.8/gems/activerecord-2.1.2/lib/active_record/connection_adapters/abstract/query_cache.rb:33:in `cache'
    /usr/lib/ruby/gems/1.8/gems/activerecord-2.1.2/lib/active_record/query_cache.rb:8:in `cache'
    /usr/lib/ruby/gems/1.8/gems/actionpack-2.1.2/lib/action_controller/caching/sql_cache.rb:12:in `perform_action'
    /usr/lib/ruby/gems/1.8/gems/actionpack-2.1.2/lib/action_controller/base.rb:529:in `send'
    /usr/lib/ruby/gems/1.8/gems/actionpack-2.1.2/lib/action_controller/base.rb:529:in `process_without_filters'
    /usr/lib/ruby/gems/1.8/gems/actionpack-2.1.2/lib/action_controller/filters.rb:568:in `process_without_session_management_support'
    /usr/lib/ruby/gems/1.8/gems/actionpack-2.1.2/lib/action_controller/session_management.rb:130:in `sass_old_process'
    /usr/lib/ruby/gems/1.8/gems/haml-2.0.4/lib/sass/plugin/rails.rb:19:in `process'
    /usr/lib/ruby/gems/1.8/gems/actionpack-2.1.2/lib/action_controller/base.rb:389:in `process'
    /usr/lib/ruby/gems/1.8/gems/actionpack-2.1.2/lib/action_controller/dispatcher.rb:149:in `handle_request'
    /usr/lib/ruby/gems/1.8/gems/actionpack-2.1.2/lib/action_controller/dispatcher.rb:107:in `dispatch'
    /usr/lib/ruby/gems/1.8/gems/actionpack-2.1.2/lib/action_controller/dispatcher.rb:104:in `synchronize'
    /usr/lib/ruby/gems/1.8/gems/actionpack-2.1.2/lib/action_controller/dispatcher.rb:104:in `dispatch'
    /usr/lib/ruby/gems/1.8/gems/actionpack-2.1.2/lib/action_controller/dispatcher.rb:120:in `dispatch_cgi'
    /usr/lib/ruby/gems/1.8/gems/actionpack-2.1.2/lib/action_controller/dispatcher.rb:35:in `dispatch'
    /usr/lib/ruby/gems/1.8/gems/rails-2.1.2/lib/webrick_server.rb:112:in `handle_dispatch'
    /usr/lib/ruby/gems/1.8/gems/rails-2.1.2/lib/webrick_server.rb:78:in `service'
    /usr/lib/ruby/1.8/webrick/httpserver.rb:104:in `service'
    /usr/lib/ruby/1.8/webrick/httpserver.rb:65:in `run'
    /usr/lib/ruby/1.8/webrick/server.rb:173:in `start_thread'
    /usr/lib/ruby/1.8/webrick/server.rb:162:in `start'
    /usr/lib/ruby/1.8/webrick/server.rb:162:in `start_thread'
    /usr/lib/ruby/1.8/webrick/server.rb:95:in `start'
    /usr/lib/ruby/1.8/webrick/server.rb:92:in `each'
    /usr/lib/ruby/1.8/webrick/server.rb:92:in `start'
    /usr/lib/ruby/1.8/webrick/server.rb:23:in `start'
    /usr/lib/ruby/1.8/webrick/server.rb:82:in `start'
    /usr/lib/ruby/gems/1.8/gems/rails-2.1.2/lib/webrick_server.rb:62:in `dispatch'
    /usr/lib/ruby/gems/1.8/gems/rails-2.1.2/lib/commands/servers/webrick.rb:66
    /usr/local/lib/site_ruby/1.8/rubygems/custom_require.rb:31:in `gem_original_require'
    /usr/local/lib/site_ruby/1.8/rubygems/custom_require.rb:31:in `require'
    /usr/lib/ruby/gems/1.8/gems/activesupport-2.1.2/lib/active_support/dependencies.rb:510:in `require'
    /usr/lib/ruby/gems/1.8/gems/activesupport-2.1.2/lib/active_support/dependencies.rb:355:in `new_constants_in'
    /usr/lib/ruby/gems/1.8/gems/activesupport-2.1.2/lib/active_support/dependencies.rb:510:in `require'
    /usr/lib/ruby/gems/1.8/gems/rails-2.1.2/lib/commands/server.rb:39
    /usr/local/lib/site_ruby/1.8/rubygems/custom_require.rb:31:in `gem_original_require'
    /usr/local/lib/site_ruby/1.8/rubygems/custom_require.rb:31:in `require'
    script/server:3

Rendering /usr/lib/ruby/gems/1.8/gems/actionpack-2.1.2/lib/action_controller/templates/rescues/layout.erb (internal_server_error)


Processing CommandsController#new (for 127.0.0.1 at 2008-12-02 18:26:54) [GET]
  Session ID: BAh7BzoMY3NyZl9pZCIlZTNmNGU4NmZmMzk0ODA5ZjhlNGQ0MjYxYmVhNmY0
MGYiCmZsYXNoSUM6J0FjdGlvbkNvbnRyb2xsZXI6OkZsYXNoOjpGbGFzaEhh
c2h7AAY6CkB1c2VkewA=--208b2c9d5737c9aeef94b2c9071e5811a68fd720
  Parameters: {"action"=>"new", "controller"=>"commands"}
Rendering commands/new


ActionView::TemplateError (undefined method `call' for #<Command:0xf7140094>) on line #5 of commands/new.html.haml:
2: 
3: 
4: - form_for @command do |f|
5:   = f.text_field :call
6:   = f.submit

    /usr/lib/ruby/gems/1.8/gems/actionpack-2.1.2/lib/action_view/helpers/form_helper.rb:628:in `send'
    /usr/lib/ruby/gems/1.8/gems/actionpack-2.1.2/lib/action_view/helpers/form_helper.rb:628:in `value_before_type_cast'
    /usr/lib/ruby/gems/1.8/gems/actionpack-2.1.2/lib/action_view/helpers/form_helper.rb:616:in `value_before_type_cast'
    /usr/lib/ruby/gems/1.8/gems/actionpack-2.1.2/lib/action_view/helpers/form_helper.rb:535:in `to_input_field_tag'
    /usr/lib/ruby/gems/1.8/gems/actionpack-2.1.2/lib/action_view/helpers/form_helper.rb:358:in `text_field'
    /usr/lib/ruby/gems/1.8/gems/actionpack-2.1.2/lib/action_view/helpers/form_helper.rb:713:in `send'
    /usr/lib/ruby/gems/1.8/gems/actionpack-2.1.2/lib/action_view/helpers/form_helper.rb:713:in `text_field'
    app/views/commands/new.html.haml:5:in `_run_plugin_47app47views47commands47new46html46haml'
    /usr/lib/ruby/gems/1.8/gems/haml-2.0.4/lib/haml/helpers/action_view_mods.rb:165:in `call'
    /usr/lib/ruby/gems/1.8/gems/haml-2.0.4/lib/haml/helpers/action_view_mods.rb:165:in `form_for'
    /usr/lib/ruby/gems/1.8/gems/haml-2.0.4/lib/haml/helpers.rb:435:in `call'
    /usr/lib/ruby/gems/1.8/gems/haml-2.0.4/lib/haml/helpers.rb:435:in `haml_bind_proc'
    /usr/lib/ruby/gems/1.8/gems/actionpack-2.1.2/lib/action_view/helpers/form_helper.rb:317:in `fields_for'
    /usr/lib/ruby/gems/1.8/gems/actionpack-2.1.2/lib/action_view/helpers/form_helper.rb:253:in `form_for_without_haml'
    /usr/lib/ruby/gems/1.8/gems/haml-2.0.4/lib/haml/helpers/action_view_mods.rb:169:in `form_for'
    app/views/commands/new.html.haml:4:in `_run_plugin_47app47views47commands47new46html46haml'
    /usr/lib/ruby/gems/1.8/gems/actionpack-2.1.2/lib/action_view/base.rb:342:in `send'
    /usr/lib/ruby/gems/1.8/gems/actionpack-2.1.2/lib/action_view/base.rb:342:in `execute'
    /usr/lib/ruby/gems/1.8/gems/actionpack-2.1.2/lib/action_view/template_handlers/compilable.rb:29:in `send'
    /usr/lib/ruby/gems/1.8/gems/actionpack-2.1.2/lib/action_view/template_handlers/compilable.rb:29:in `render'
    /usr/lib/ruby/gems/1.8/gems/actionpack-2.1.2/lib/action_view/template.rb:35:in `render'
    /usr/lib/ruby/gems/1.8/gems/actionpack-2.1.2/lib/action_view/template.rb:22:in `render_template'
    /usr/lib/ruby/gems/1.8/gems/actionpack-2.1.2/lib/action_view/base.rb:248:in `render_file'
    /usr/lib/ruby/gems/1.8/gems/actionpack-2.1.2/lib/action_controller/base.rb:1112:in `render_for_file'
    /usr/lib/ruby/gems/1.8/gems/actionpack-2.1.2/lib/action_controller/base.rb:845:in `render_with_no_layout'
    /usr/lib/ruby/gems/1.8/gems/actionpack-2.1.2/lib/action_controller/layout.rb:259:in `render_without_benchmark'
    /usr/lib/ruby/gems/1.8/gems/actionpack-2.1.2/lib/action_controller/benchmarking.rb:51:in `render'
    /usr/lib/ruby/gems/1.8/gems/activesupport-2.1.2/lib/active_support/core_ext/benchmark.rb:8:in `realtime'
    /usr/lib/ruby/gems/1.8/gems/actionpack-2.1.2/lib/action_controller/benchmarking.rb:51:in `render'
    /usr/lib/ruby/gems/1.8/gems/actionpack-2.1.2/lib/action_controller/base.rb:1161:in `default_render'
    /usr/lib/ruby/gems/1.8/gems/actionpack-2.1.2/lib/action_controller/base.rb:1167:in `perform_action_without_filters'
    /usr/lib/ruby/gems/1.8/gems/actionpack-2.1.2/lib/action_controller/filters.rb:579:in `call_filters'
    /usr/lib/ruby/gems/1.8/gems/actionpack-2.1.2/lib/action_controller/filters.rb:572:in `perform_action_without_benchmark'
    /usr/lib/ruby/gems/1.8/gems/actionpack-2.1.2/lib/action_controller/benchmarking.rb:68:in `perform_action_without_rescue'
    /usr/lib/ruby/1.8/benchmark.rb:293:in `measure'
    /usr/lib/ruby/gems/1.8/gems/actionpack-2.1.2/lib/action_controller/benchmarking.rb:68:in `perform_action_without_rescue'
    /usr/lib/ruby/gems/1.8/gems/actionpack-2.1.2/lib/action_controller/rescue.rb:201:in `perform_action_without_caching'
    /usr/lib/ruby/gems/1.8/gems/actionpack-2.1.2/lib/action_controller/caching/sql_cache.rb:13:in `perform_action'
    /usr/lib/ruby/gems/1.8/gems/activerecord-2.1.2/lib/active_record/connection_adapters/abstract/query_cache.rb:33:in `cache'
    /usr/lib/ruby/gems/1.8/gems/activerecord-2.1.2/lib/active_record/query_cache.rb:8:in `cache'
    /usr/lib/ruby/gems/1.8/gems/actionpack-2.1.2/lib/action_controller/caching/sql_cache.rb:12:in `perform_action'
    /usr/lib/ruby/gems/1.8/gems/actionpack-2.1.2/lib/action_controller/base.rb:529:in `send'
    /usr/lib/ruby/gems/1.8/gems/actionpack-2.1.2/lib/action_controller/base.rb:529:in `process_without_filters'
    /usr/lib/ruby/gems/1.8/gems/actionpack-2.1.2/lib/action_controller/filters.rb:568:in `process_without_session_management_support'
    /usr/lib/ruby/gems/1.8/gems/actionpack-2.1.2/lib/action_controller/session_management.rb:130:in `sass_old_process'
    /usr/lib/ruby/gems/1.8/gems/haml-2.0.4/lib/sass/plugin/rails.rb:19:in `process'
    /usr/lib/ruby/gems/1.8/gems/actionpack-2.1.2/lib/action_controller/base.rb:389:in `process'
    /usr/lib/ruby/gems/1.8/gems/actionpack-2.1.2/lib/action_controller/dispatcher.rb:149:in `handle_request'
    /usr/lib/ruby/gems/1.8/gems/actionpack-2.1.2/lib/action_controller/dispatcher.rb:107:in `dispatch'
    /usr/lib/ruby/gems/1.8/gems/actionpack-2.1.2/lib/action_controller/dispatcher.rb:104:in `synchronize'
    /usr/lib/ruby/gems/1.8/gems/actionpack-2.1.2/lib/action_controller/dispatcher.rb:104:in `dispatch'
    /usr/lib/ruby/gems/1.8/gems/actionpack-2.1.2/lib/action_controller/dispatcher.rb:120:in `dispatch_cgi'
    /usr/lib/ruby/gems/1.8/gems/actionpack-2.1.2/lib/action_controller/dispatcher.rb:35:in `dispatch'
    /usr/lib/ruby/gems/1.8/gems/rails-2.1.2/lib/webrick_server.rb:112:in `handle_dispatch'
    /usr/lib/ruby/gems/1.8/gems/rails-2.1.2/lib/webrick_server.rb:78:in `service'
    /usr/lib/ruby/1.8/webrick/httpserver.rb:104:in `service'
    /usr/lib/ruby/1.8/webrick/httpserver.rb:65:in `run'
    /usr/lib/ruby/1.8/webrick/server.rb:173:in `start_thread'
    /usr/lib/ruby/1.8/webrick/server.rb:162:in `start'
    /usr/lib/ruby/1.8/webrick/server.rb:162:in `start_thread'
    /usr/lib/ruby/1.8/webrick/server.rb:95:in `start'
    /usr/lib/ruby/1.8/webrick/server.rb:92:in `each'
    /usr/lib/ruby/1.8/webrick/server.rb:92:in `start'
    /usr/lib/ruby/1.8/webrick/server.rb:23:in `start'
    /usr/lib/ruby/1.8/webrick/server.rb:82:in `start'
    /usr/lib/ruby/gems/1.8/gems/rails-2.1.2/lib/webrick_server.rb:62:in `dispatch'
    /usr/lib/ruby/gems/1.8/gems/rails-2.1.2/lib/commands/servers/webrick.rb:66
    /usr/local/lib/site_ruby/1.8/rubygems/custom_require.rb:31:in `gem_original_require'
    /usr/local/lib/site_ruby/1.8/rubygems/custom_require.rb:31:in `require'
    /usr/lib/ruby/gems/1.8/gems/activesupport-2.1.2/lib/active_support/dependencies.rb:510:in `require'
    /usr/lib/ruby/gems/1.8/gems/activesupport-2.1.2/lib/active_support/dependencies.rb:355:in `new_constants_in'
    /usr/lib/ruby/gems/1.8/gems/activesupport-2.1.2/lib/active_support/dependencies.rb:510:in `require'
    /usr/lib/ruby/gems/1.8/gems/rails-2.1.2/lib/commands/server.rb:39
    /usr/local/lib/site_ruby/1.8/rubygems/custom_require.rb:31:in `gem_original_require'
    /usr/local/lib/site_ruby/1.8/rubygems/custom_require.rb:31:in `require'
    script/server:3

Rendering /usr/lib/ruby/gems/1.8/gems/actionpack-2.1.2/lib/action_controller/templates/rescues/layout.erb (internal_server_error)


Processing CommandsController#new (for 127.0.0.1 at 2008-12-02 18:28:03) [GET]
  Session ID: BAh7BzoMY3NyZl9pZCIlZTNmNGU4NmZmMzk0ODA5ZjhlNGQ0MjYxYmVhNmY0
MGYiCmZsYXNoSUM6J0FjdGlvbkNvbnRyb2xsZXI6OkZsYXNoOjpGbGFzaEhh
c2h7AAY6CkB1c2VkewA=--208b2c9d5737c9aeef94b2c9071e5811a68fd720
  Parameters: {"action"=>"new", "controller"=>"commands"}
Rendering commands/new
Completed in 0.03036 (32 reqs/sec) | Rendering: 0.00501 (16%) | DB: 0.00000 (0%) | 200 OK [http://localhost/commands/new]


Processing CommandsController#new (for 127.0.0.1 at 2008-12-02 18:28:42) [GET]
  Session ID: BAh7BzoMY3NyZl9pZCIlZTNmNGU4NmZmMzk0ODA5ZjhlNGQ0MjYxYmVhNmY0
MGYiCmZsYXNoSUM6J0FjdGlvbkNvbnRyb2xsZXI6OkZsYXNoOjpGbGFzaEhh
c2h7AAY6CkB1c2VkewA=--208b2c9d5737c9aeef94b2c9071e5811a68fd720
  Parameters: {"action"=>"new", "controller"=>"commands"}
Rendering commands/new
Completed in 0.01137 (87 reqs/sec) | Rendering: 0.00279 (24%) | DB: 0.00000 (0%) | 200 OK [http://localhost/commands/new]


Processing CommandsController#update (for 127.0.0.1 at 2008-12-02 18:28:54) [PUT]
  Session ID: BAh7BzoMY3NyZl9pZCIlZTNmNGU4NmZmMzk0ODA5ZjhlNGQ0MjYxYmVhNmY0
MGYiCmZsYXNoSUM6J0FjdGlvbkNvbnRyb2xsZXI6OkZsYXNoOjpGbGFzaEhh
c2h7AAY6CkB1c2VkewA=--208b2c9d5737c9aeef94b2c9071e5811a68fd720
  Parameters: {"commit"=>"Save changes", "command"=>{"call"=>"test"}, "authenticity_token"=>"5dd6f055790177d7b7e5e12eb0589590a061ff1e", "_method"=>"put", "action"=>"update", "id"=>"#<Command:0xf6f40bcc>", "controller"=>"commands"}


ActionController::UnknownAction (No action responded to update):
    /usr/lib/ruby/gems/1.8/gems/actionpack-2.1.2/lib/action_controller/filters.rb:579:in `call_filters'
    /usr/lib/ruby/gems/1.8/gems/actionpack-2.1.2/lib/action_controller/filters.rb:572:in `perform_action_without_benchmark'
    /usr/lib/ruby/gems/1.8/gems/actionpack-2.1.2/lib/action_controller/benchmarking.rb:68:in `perform_action_without_rescue'
    /usr/lib/ruby/1.8/benchmark.rb:293:in `measure'
    /usr/lib/ruby/gems/1.8/gems/actionpack-2.1.2/lib/action_controller/benchmarking.rb:68:in `perform_action_without_rescue'
    /usr/lib/ruby/gems/1.8/gems/actionpack-2.1.2/lib/action_controller/rescue.rb:201:in `perform_action_without_caching'
    /usr/lib/ruby/gems/1.8/gems/actionpack-2.1.2/lib/action_controller/caching/sql_cache.rb:13:in `perform_action'
    /usr/lib/ruby/gems/1.8/gems/activerecord-2.1.2/lib/active_record/connection_adapters/abstract/query_cache.rb:33:in `cache'
    /usr/lib/ruby/gems/1.8/gems/activerecord-2.1.2/lib/active_record/query_cache.rb:8:in `cache'
    /usr/lib/ruby/gems/1.8/gems/actionpack-2.1.2/lib/action_controller/caching/sql_cache.rb:12:in `perform_action'
    /usr/lib/ruby/gems/1.8/gems/actionpack-2.1.2/lib/action_controller/base.rb:529:in `send'
    /usr/lib/ruby/gems/1.8/gems/actionpack-2.1.2/lib/action_controller/base.rb:529:in `process_without_filters'
    /usr/lib/ruby/gems/1.8/gems/actionpack-2.1.2/lib/action_controller/filters.rb:568:in `process_without_session_management_support'
    /usr/lib/ruby/gems/1.8/gems/actionpack-2.1.2/lib/action_controller/session_management.rb:130:in `sass_old_process'
    /usr/lib/ruby/gems/1.8/gems/haml-2.0.4/lib/sass/plugin/rails.rb:19:in `process'
    /usr/lib/ruby/gems/1.8/gems/actionpack-2.1.2/lib/action_controller/base.rb:389:in `process'
    /usr/lib/ruby/gems/1.8/gems/actionpack-2.1.2/lib/action_controller/dispatcher.rb:149:in `handle_request'
    /usr/lib/ruby/gems/1.8/gems/actionpack-2.1.2/lib/action_controller/dispatcher.rb:107:in `dispatch'
    /usr/lib/ruby/gems/1.8/gems/actionpack-2.1.2/lib/action_controller/dispatcher.rb:104:in `synchronize'
    /usr/lib/ruby/gems/1.8/gems/actionpack-2.1.2/lib/action_controller/dispatcher.rb:104:in `dispatch'
    /usr/lib/ruby/gems/1.8/gems/actionpack-2.1.2/lib/action_controller/dispatcher.rb:120:in `dispatch_cgi'
    /usr/lib/ruby/gems/1.8/gems/actionpack-2.1.2/lib/action_controller/dispatcher.rb:35:in `dispatch'
    /usr/lib/ruby/gems/1.8/gems/rails-2.1.2/lib/webrick_server.rb:112:in `handle_dispatch'
    /usr/lib/ruby/gems/1.8/gems/rails-2.1.2/lib/webrick_server.rb:78:in `service'
    /usr/lib/ruby/1.8/webrick/httpserver.rb:104:in `service'
    /usr/lib/ruby/1.8/webrick/httpserver.rb:65:in `run'
    /usr/lib/ruby/1.8/webrick/server.rb:173:in `start_thread'
    /usr/lib/ruby/1.8/webrick/server.rb:162:in `start'
    /usr/lib/ruby/1.8/webrick/server.rb:162:in `start_thread'
    /usr/lib/ruby/1.8/webrick/server.rb:95:in `start'
    /usr/lib/ruby/1.8/webrick/server.rb:92:in `each'
    /usr/lib/ruby/1.8/webrick/server.rb:92:in `start'
    /usr/lib/ruby/1.8/webrick/server.rb:23:in `start'
    /usr/lib/ruby/1.8/webrick/server.rb:82:in `start'
    /usr/lib/ruby/gems/1.8/gems/rails-2.1.2/lib/webrick_server.rb:62:in `dispatch'
    /usr/lib/ruby/gems/1.8/gems/rails-2.1.2/lib/commands/servers/webrick.rb:66
    /usr/local/lib/site_ruby/1.8/rubygems/custom_require.rb:31:in `gem_original_require'
    /usr/local/lib/site_ruby/1.8/rubygems/custom_require.rb:31:in `require'
    /usr/lib/ruby/gems/1.8/gems/activesupport-2.1.2/lib/active_support/dependencies.rb:510:in `require'
    /usr/lib/ruby/gems/1.8/gems/activesupport-2.1.2/lib/active_support/dependencies.rb:355:in `new_constants_in'
    /usr/lib/ruby/gems/1.8/gems/activesupport-2.1.2/lib/active_support/dependencies.rb:510:in `require'
    /usr/lib/ruby/gems/1.8/gems/rails-2.1.2/lib/commands/server.rb:39
    /usr/local/lib/site_ruby/1.8/rubygems/custom_require.rb:31:in `gem_original_require'
    /usr/local/lib/site_ruby/1.8/rubygems/custom_require.rb:31:in `require'
    script/server:3

Rendering /usr/lib/ruby/gems/1.8/gems/actionpack-2.1.2/lib/action_controller/templates/rescues/layout.erb (not_found)


Processing CommandsController#update (for 127.0.0.1 at 2008-12-02 18:29:33) [PUT]
  Session ID: BAh7BzoMY3NyZl9pZCIlZTNmNGU4NmZmMzk0ODA5ZjhlNGQ0MjYxYmVhNmY0
MGYiCmZsYXNoSUM6J0FjdGlvbkNvbnRyb2xsZXI6OkZsYXNoOjpGbGFzaEhh
c2h7AAY6CkB1c2VkewA=--208b2c9d5737c9aeef94b2c9071e5811a68fd720
  Parameters: {"commit"=>"Save changes", "command"=>{"call"=>"test"}, "authenticity_token"=>"5dd6f055790177d7b7e5e12eb0589590a061ff1e", "_method"=>"put", "action"=>"update", "id"=>"#<Command:0xf6f40bcc>", "controller"=>"commands"}


Processing CommandsController#update (for 127.0.0.1 at 2008-12-02 18:30:45) [PUT]
  Session ID: BAh7BzoMY3NyZl9pZCIlZTNmNGU4NmZmMzk0ODA5ZjhlNGQ0MjYxYmVhNmY0
MGYiCmZsYXNoSUM6J0FjdGlvbkNvbnRyb2xsZXI6OkZsYXNoOjpGbGFzaEhh
c2h7AAY6CkB1c2VkewA=--208b2c9d5737c9aeef94b2c9071e5811a68fd720
  Parameters: {"commit"=>"Save changes", "command"=>{"call"=>"test"}, "authenticity_token"=>"5dd6f055790177d7b7e5e12eb0589590a061ff1e", "_method"=>"put", "action"=>"update", "id"=>"#<Command:0xf6f40bcc>", "controller"=>"commands"}
Rendering commands/update


ActionView::TemplateError (You have a nil object when you didn't expect it!
The error occurred while evaluating nil.call) on line #2 of commands/update.html.haml:
1: Executed Command
2: =@command.call

    app/views/commands/update.html.haml:2:in `_run_plugin_47app47views47commands47update46html46haml'
    /usr/lib/ruby/gems/1.8/gems/actionpack-2.1.2/lib/action_view/base.rb:342:in `send'
    /usr/lib/ruby/gems/1.8/gems/actionpack-2.1.2/lib/action_view/base.rb:342:in `execute'
    /usr/lib/ruby/gems/1.8/gems/actionpack-2.1.2/lib/action_view/template_handlers/compilable.rb:29:in `send'
    /usr/lib/ruby/gems/1.8/gems/actionpack-2.1.2/lib/action_view/template_handlers/compilable.rb:29:in `render'
    /usr/lib/ruby/gems/1.8/gems/actionpack-2.1.2/lib/action_view/template.rb:35:in `render'
    /usr/lib/ruby/gems/1.8/gems/actionpack-2.1.2/lib/action_view/template.rb:22:in `render_template'
    /usr/lib/ruby/gems/1.8/gems/actionpack-2.1.2/lib/action_view/base.rb:248:in `render_file'
    /usr/lib/ruby/gems/1.8/gems/actionpack-2.1.2/lib/action_controller/base.rb:1112:in `render_for_file'
    /usr/lib/ruby/gems/1.8/gems/actionpack-2.1.2/lib/action_controller/base.rb:845:in `render_with_no_layout'
    /usr/lib/ruby/gems/1.8/gems/actionpack-2.1.2/lib/action_controller/layout.rb:259:in `render_without_benchmark'
    /usr/lib/ruby/gems/1.8/gems/actionpack-2.1.2/lib/action_controller/benchmarking.rb:51:in `render'
    /usr/lib/ruby/gems/1.8/gems/activesupport-2.1.2/lib/active_support/core_ext/benchmark.rb:8:in `realtime'
    /usr/lib/ruby/gems/1.8/gems/actionpack-2.1.2/lib/action_controller/benchmarking.rb:51:in `render'
    /usr/lib/ruby/gems/1.8/gems/actionpack-2.1.2/lib/action_controller/base.rb:1161:in `default_render'
    /usr/lib/ruby/gems/1.8/gems/actionpack-2.1.2/lib/action_controller/base.rb:1167:in `perform_action_without_filters'
    /usr/lib/ruby/gems/1.8/gems/actionpack-2.1.2/lib/action_controller/filters.rb:579:in `call_filters'
    /usr/lib/ruby/gems/1.8/gems/actionpack-2.1.2/lib/action_controller/filters.rb:572:in `perform_action_without_benchmark'
    /usr/lib/ruby/gems/1.8/gems/actionpack-2.1.2/lib/action_controller/benchmarking.rb:68:in `perform_action_without_rescue'
    /usr/lib/ruby/1.8/benchmark.rb:293:in `measure'
    /usr/lib/ruby/gems/1.8/gems/actionpack-2.1.2/lib/action_controller/benchmarking.rb:68:in `perform_action_without_rescue'
    /usr/lib/ruby/gems/1.8/gems/actionpack-2.1.2/lib/action_controller/rescue.rb:201:in `perform_action_without_caching'
    /usr/lib/ruby/gems/1.8/gems/actionpack-2.1.2/lib/action_controller/caching/sql_cache.rb:13:in `perform_action'
    /usr/lib/ruby/gems/1.8/gems/activerecord-2.1.2/lib/active_record/connection_adapters/abstract/query_cache.rb:33:in `cache'
    /usr/lib/ruby/gems/1.8/gems/activerecord-2.1.2/lib/active_record/query_cache.rb:8:in `cache'
    /usr/lib/ruby/gems/1.8/gems/actionpack-2.1.2/lib/action_controller/caching/sql_cache.rb:12:in `perform_action'
    /usr/lib/ruby/gems/1.8/gems/actionpack-2.1.2/lib/action_controller/base.rb:529:in `send'
    /usr/lib/ruby/gems/1.8/gems/actionpack-2.1.2/lib/action_controller/base.rb:529:in `process_without_filters'
    /usr/lib/ruby/gems/1.8/gems/actionpack-2.1.2/lib/action_controller/filters.rb:568:in `process_without_session_management_support'
    /usr/lib/ruby/gems/1.8/gems/actionpack-2.1.2/lib/action_controller/session_management.rb:130:in `sass_old_process'
    /usr/lib/ruby/gems/1.8/gems/haml-2.0.4/lib/sass/plugin/rails.rb:19:in `process'
    /usr/lib/ruby/gems/1.8/gems/actionpack-2.1.2/lib/action_controller/base.rb:389:in `process'
    /usr/lib/ruby/gems/1.8/gems/actionpack-2.1.2/lib/action_controller/dispatcher.rb:149:in `handle_request'
    /usr/lib/ruby/gems/1.8/gems/actionpack-2.1.2/lib/action_controller/dispatcher.rb:107:in `dispatch'
    /usr/lib/ruby/gems/1.8/gems/actionpack-2.1.2/lib/action_controller/dispatcher.rb:104:in `synchronize'
    /usr/lib/ruby/gems/1.8/gems/actionpack-2.1.2/lib/action_controller/dispatcher.rb:104:in `dispatch'
    /usr/lib/ruby/gems/1.8/gems/actionpack-2.1.2/lib/action_controller/dispatcher.rb:120:in `dispatch_cgi'
    /usr/lib/ruby/gems/1.8/gems/actionpack-2.1.2/lib/action_controller/dispatcher.rb:35:in `dispatch'
    /usr/lib/ruby/gems/1.8/gems/rails-2.1.2/lib/webrick_server.rb:112:in `handle_dispatch'
    /usr/lib/ruby/gems/1.8/gems/rails-2.1.2/lib/webrick_server.rb:78:in `service'
    /usr/lib/ruby/1.8/webrick/httpserver.rb:104:in `service'
    /usr/lib/ruby/1.8/webrick/httpserver.rb:65:in `run'
    /usr/lib/ruby/1.8/webrick/server.rb:173:in `start_thread'
    /usr/lib/ruby/1.8/webrick/server.rb:162:in `start'
    /usr/lib/ruby/1.8/webrick/server.rb:162:in `start_thread'
    /usr/lib/ruby/1.8/webrick/server.rb:95:in `start'
    /usr/lib/ruby/1.8/webrick/server.rb:92:in `each'
    /usr/lib/ruby/1.8/webrick/server.rb:92:in `start'
    /usr/lib/ruby/1.8/webrick/server.rb:23:in `start'
    /usr/lib/ruby/1.8/webrick/server.rb:82:in `start'
    /usr/lib/ruby/gems/1.8/gems/rails-2.1.2/lib/webrick_server.rb:62:in `dispatch'
    /usr/lib/ruby/gems/1.8/gems/rails-2.1.2/lib/commands/servers/webrick.rb:66
    /usr/local/lib/site_ruby/1.8/rubygems/custom_require.rb:31:in `gem_original_require'
    /usr/local/lib/site_ruby/1.8/rubygems/custom_require.rb:31:in `require'
    /usr/lib/ruby/gems/1.8/gems/activesupport-2.1.2/lib/active_support/dependencies.rb:510:in `require'
    /usr/lib/ruby/gems/1.8/gems/activesupport-2.1.2/lib/active_support/dependencies.rb:355:in `new_constants_in'
    /usr/lib/ruby/gems/1.8/gems/activesupport-2.1.2/lib/active_support/dependencies.rb:510:in `require'
    /usr/lib/ruby/gems/1.8/gems/rails-2.1.2/lib/commands/server.rb:39
    /usr/local/lib/site_ruby/1.8/rubygems/custom_require.rb:31:in `gem_original_require'
    /usr/local/lib/site_ruby/1.8/rubygems/custom_require.rb:31:in `require'
    script/server:3

Rendering /usr/lib/ruby/gems/1.8/gems/actionpack-2.1.2/lib/action_controller/templates/rescues/layout.erb (internal_server_error)


Processing CommandsController#update (for 127.0.0.1 at 2008-12-02 18:33:21) [PUT]
  Session ID: BAh7BzoMY3NyZl9pZCIlZTNmNGU4NmZmMzk0ODA5ZjhlNGQ0MjYxYmVhNmY0
MGYiCmZsYXNoSUM6J0FjdGlvbkNvbnRyb2xsZXI6OkZsYXNoOjpGbGFzaEhh
c2h7AAY6CkB1c2VkewA=--208b2c9d5737c9aeef94b2c9071e5811a68fd720
  Parameters: {"commit"=>"Save changes", "command"=>{"call"=>"test"}, "authenticity_token"=>"5dd6f055790177d7b7e5e12eb0589590a061ff1e", "_method"=>"put", "action"=>"update", "id"=>"#<Command:0xf6f40bcc>", "controller"=>"commands"}
Rendering commands/update
Completed in 0.02906 (34 reqs/sec) | Rendering: 0.01684 (57%) | DB: 0.00000 (0%) | 200 OK [http://localhost/commands/%23%3CCommand:0xf6f40bcc%3E]


Processing CommandsController#update (for 127.0.0.1 at 2008-12-02 18:33:27) [PUT]
  Session ID: BAh7BzoMY3NyZl9pZCIlZTNmNGU4NmZmMzk0ODA5ZjhlNGQ0MjYxYmVhNmY0
MGYiCmZsYXNoSUM6J0FjdGlvbkNvbnRyb2xsZXI6OkZsYXNoOjpGbGFzaEhh
c2h7AAY6CkB1c2VkewA=--208b2c9d5737c9aeef94b2c9071e5811a68fd720
  Parameters: {"commit"=>"Save changes", "command"=>{"call"=>"hampi"}, "authenticity_token"=>"5dd6f055790177d7b7e5e12eb0589590a061ff1e", "_method"=>"put", "action"=>"update", "id"=>"#<Command:0xf6f40bcc>", "controller"=>"commands"}
Rendering commands/update
Completed in 0.00827 (120 reqs/sec) | Rendering: 0.00095 (11%) | DB: 0.00000 (0%) | 200 OK [http://localhost/commands/%23%3CCommand:0xf6f40bcc%3E]


Processing CommandsController#update (for 127.0.0.1 at 2008-12-02 18:35:55) [PUT]
  Session ID: BAh7BzoMY3NyZl9pZCIlZTNmNGU4NmZmMzk0ODA5ZjhlNGQ0MjYxYmVhNmY0
MGYiCmZsYXNoSUM6J0FjdGlvbkNvbnRyb2xsZXI6OkZsYXNoOjpGbGFzaEhh
c2h7AAY6CkB1c2VkewA=--208b2c9d5737c9aeef94b2c9071e5811a68fd720
  Parameters: {"commit"=>"Save changes", "command"=>{"call"=>"pause"}, "authenticity_token"=>"5dd6f055790177d7b7e5e12eb0589590a061ff1e", "_method"=>"put", "action"=>"update", "id"=>"#<Command:0xf6f40bcc>", "controller"=>"commands"}
Rendering commands/update
Completed in 0.00888 (112 reqs/sec) | Rendering: 0.00098 (11%) | DB: 0.00000 (0%) | 200 OK [http://localhost/commands/%23%3CCommand:0xf6f40bcc%3E]


Processing CommandsController#update (for 127.0.0.1 at 2008-12-02 18:36:01) [PUT]
  Session ID: BAh7BzoMY3NyZl9pZCIlZTNmNGU4NmZmMzk0ODA5ZjhlNGQ0MjYxYmVhNmY0
MGYiCmZsYXNoSUM6J0FjdGlvbkNvbnRyb2xsZXI6OkZsYXNoOjpGbGFzaEhh
c2h7AAY6CkB1c2VkewA=--208b2c9d5737c9aeef94b2c9071e5811a68fd720
  Parameters: {"commit"=>"Save changes", "command"=>{"call"=>"pause"}, "authenticity_token"=>"5dd6f055790177d7b7e5e12eb0589590a061ff1e", "_method"=>"put", "action"=>"update", "id"=>"#<Command:0xf6f40bcc>", "controller"=>"commands"}
Rendering commands/update
Completed in 0.02235 (44 reqs/sec) | Rendering: 0.00096 (4%) | DB: 0.00000 (0%) | 200 OK [http://localhost/commands/%23%3CCommand:0xf6f40bcc%3E]


Processing CommandsController#update (for 127.0.0.1 at 2008-12-02 18:36:05) [PUT]
  Session ID: BAh7BzoMY3NyZl9pZCIlZTNmNGU4NmZmMzk0ODA5ZjhlNGQ0MjYxYmVhNmY0
MGYiCmZsYXNoSUM6J0FjdGlvbkNvbnRyb2xsZXI6OkZsYXNoOjpGbGFzaEhh
c2h7AAY6CkB1c2VkewA=--208b2c9d5737c9aeef94b2c9071e5811a68fd720
  Parameters: {"commit"=>"Save changes", "command"=>{"call"=>"pause"}, "authenticity_token"=>"5dd6f055790177d7b7e5e12eb0589590a061ff1e", "_method"=>"put", "action"=>"update", "id"=>"#<Command:0xf6f40bcc>", "controller"=>"commands"}
Rendering commands/update
Completed in 0.01999 (50 reqs/sec) | Rendering: 0.00260 (13%) | DB: 0.00000 (0%) | 200 OK [http://localhost/commands/%23%3CCommand:0xf6f40bcc%3E]


Processing CommandsController#update (for 127.0.0.1 at 2008-12-02 18:36:33) [PUT]
  Session ID: BAh7BzoMY3NyZl9pZCIlZTNmNGU4NmZmMzk0ODA5ZjhlNGQ0MjYxYmVhNmY0
MGYiCmZsYXNoSUM6J0FjdGlvbkNvbnRyb2xsZXI6OkZsYXNoOjpGbGFzaEhh
c2h7AAY6CkB1c2VkewA=--208b2c9d5737c9aeef94b2c9071e5811a68fd720
  Parameters: {"commit"=>"Save changes", "command"=>{"call"=>"pause"}, "authenticity_token"=>"5dd6f055790177d7b7e5e12eb0589590a061ff1e", "_method"=>"put", "action"=>"update", "id"=>"#<Command:0xf6f40bcc>", "controller"=>"commands"}
Rendering commands/update
Completed in 26.70741 (0 reqs/sec) | Rendering: 0.00103 (0%) | DB: 0.00000 (0%) | 200 OK [http://localhost/commands/%23%3CCommand:0xf6f40bcc%3E]


Processing CommandsController#update (for 127.0.0.1 at 2008-12-02 18:37:05) [PUT]
  Session ID: BAh7BzoMY3NyZl9pZCIlZTNmNGU4NmZmMzk0ODA5ZjhlNGQ0MjYxYmVhNmY0
MGYiCmZsYXNoSUM6J0FjdGlvbkNvbnRyb2xsZXI6OkZsYXNoOjpGbGFzaEhh
c2h7AAY6CkB1c2VkewA=--208b2c9d5737c9aeef94b2c9071e5811a68fd720
  Parameters: {"commit"=>"Save changes", "command"=>{"call"=>"pause"}, "authenticity_token"=>"5dd6f055790177d7b7e5e12eb0589590a061ff1e", "_method"=>"put", "action"=>"update", "id"=>"#<Command:0xf6f40bcc>", "controller"=>"commands"}
Rendering commands/update
Completed in 4.35255 (0 reqs/sec) | Rendering: 0.00125 (0%) | DB: 0.00000 (0%) | 200 OK [http://localhost/commands/%23%3CCommand:0xf6f40bcc%3E]


Processing CommandsController#update (for 127.0.0.1 at 2008-12-02 18:41:23) [PUT]
  Session ID: BAh7BzoMY3NyZl9pZCIlZTNmNGU4NmZmMzk0ODA5ZjhlNGQ0MjYxYmVhNmY0
MGYiCmZsYXNoSUM6J0FjdGlvbkNvbnRyb2xsZXI6OkZsYXNoOjpGbGFzaEhh
c2h7AAY6CkB1c2VkewA=--208b2c9d5737c9aeef94b2c9071e5811a68fd720
  Parameters: {"commit"=>"Save changes", "command"=>{"call"=>"pause"}, "authenticity_token"=>"5dd6f055790177d7b7e5e12eb0589590a061ff1e", "_method"=>"put", "action"=>"update", "id"=>"#<Command:0xf6f40bcc>", "controller"=>"commands"}
Rendering commands/update
Completed in 0.02495 (40 reqs/sec) | Rendering: 0.00183 (7%) | DB: 0.00000 (0%) | 200 OK [http://localhost/commands/%23%3CCommand:0xf6f40bcc%3E]


Processing CommandsController#update (for 127.0.0.1 at 2008-12-02 18:41:26) [PUT]
  Session ID: BAh7BzoMY3NyZl9pZCIlZTNmNGU4NmZmMzk0ODA5ZjhlNGQ0MjYxYmVhNmY0
MGYiCmZsYXNoSUM6J0FjdGlvbkNvbnRyb2xsZXI6OkZsYXNoOjpGbGFzaEhh
c2h7AAY6CkB1c2VkewA=--208b2c9d5737c9aeef94b2c9071e5811a68fd720
  Parameters: {"commit"=>"Save changes", "command"=>{"call"=>"pause"}, "authenticity_token"=>"5dd6f055790177d7b7e5e12eb0589590a061ff1e", "_method"=>"put", "action"=>"update", "id"=>"#<Command:0xf6f40bcc>", "controller"=>"commands"}
Rendering commands/update
Completed in 0.02768 (36 reqs/sec) | Rendering: 0.00104 (3%) | DB: 0.00000 (0%) | 200 OK [http://localhost/commands/%23%3CCommand:0xf6f40bcc%3E]


Processing CommandsController#update (for 127.0.0.1 at 2008-12-02 18:41:28) [PUT]
  Session ID: BAh7BzoMY3NyZl9pZCIlZTNmNGU4NmZmMzk0ODA5ZjhlNGQ0MjYxYmVhNmY0
MGYiCmZsYXNoSUM6J0FjdGlvbkNvbnRyb2xsZXI6OkZsYXNoOjpGbGFzaEhh
c2h7AAY6CkB1c2VkewA=--208b2c9d5737c9aeef94b2c9071e5811a68fd720
  Parameters: {"commit"=>"Save changes", "command"=>{"call"=>"pause"}, "authenticity_token"=>"5dd6f055790177d7b7e5e12eb0589590a061ff1e", "_method"=>"put", "action"=>"update", "id"=>"#<Command:0xf6f40bcc>", "controller"=>"commands"}
Rendering commands/update
Completed in 0.02060 (48 reqs/sec) | Rendering: 0.00096 (4%) | DB: 0.00000 (0%) | 200 OK [http://localhost/commands/%23%3CCommand:0xf6f40bcc%3E]


Processing CommandsController#new (for 127.0.0.1 at 2008-12-02 19:03:05) [GET]
  Session ID: BAh7BzoMY3NyZl9pZCIlZTNmNGU4NmZmMzk0ODA5ZjhlNGQ0MjYxYmVhNmY0
MGYiCmZsYXNoSUM6J0FjdGlvbkNvbnRyb2xsZXI6OkZsYXNoOjpGbGFzaEhh
c2h7AAY6CkB1c2VkewA=--208b2c9d5737c9aeef94b2c9071e5811a68fd720
  Parameters: {"action"=>"new", "controller"=>"commands"}
Rendering commands/new
Completed in 0.01059 (94 reqs/sec) | Rendering: 0.00374 (35%) | DB: 0.00000 (0%) | 200 OK [http://localhost/commands/new]


Processing CommandsController#update (for 127.0.0.1 at 2008-12-02 19:03:09) [PUT]
  Session ID: BAh7BzoMY3NyZl9pZCIlZTNmNGU4NmZmMzk0ODA5ZjhlNGQ0MjYxYmVhNmY0
MGYiCmZsYXNoSUM6J0FjdGlvbkNvbnRyb2xsZXI6OkZsYXNoOjpGbGFzaEhh
c2h7AAY6CkB1c2VkewA=--208b2c9d5737c9aeef94b2c9071e5811a68fd720
  Parameters: {"commit"=>"Save changes", "command"=>{"call"=>"pause"}, "authenticity_token"=>"5dd6f055790177d7b7e5e12eb0589590a061ff1e", "_method"=>"put", "action"=>"update", "id"=>"#<Command:0xf67c69a0>", "controller"=>"commands"}
Rendering commands/update
Completed in 0.01187 (84 reqs/sec) | Rendering: 0.00152 (12%) | DB: 0.00000 (0%) | 200 OK [http://localhost/commands/%23%3CCommand:0xf67c69a0%3E]


Processing CommandsController#update (for 127.0.0.1 at 2008-12-02 19:03:24) [PUT]
  Session ID: BAh7BzoMY3NyZl9pZCIlZTNmNGU4NmZmMzk0ODA5ZjhlNGQ0MjYxYmVhNmY0
MGYiCmZsYXNoSUM6J0FjdGlvbkNvbnRyb2xsZXI6OkZsYXNoOjpGbGFzaEhh
c2h7AAY6CkB1c2VkewA=--208b2c9d5737c9aeef94b2c9071e5811a68fd720
  Parameters: {"commit"=>"Save changes", "command"=>{"call"=>"pause"}, "authenticity_token"=>"5dd6f055790177d7b7e5e12eb0589590a061ff1e", "_method"=>"put", "action"=>"update", "id"=>"#<Command:0xf67c69a0>", "controller"=>"commands"}
Rendering commands/update
Completed in 0.02700 (37 reqs/sec) | Rendering: 0.00456 (16%) | DB: 0.00000 (0%) | 200 OK [http://localhost/commands/%23%3CCommand:0xf67c69a0%3E]


Processing CommandsController#update (for 127.0.0.1 at 2008-12-02 19:03:47) [PUT]
  Session ID: BAh7BzoMY3NyZl9pZCIlZTNmNGU4NmZmMzk0ODA5ZjhlNGQ0MjYxYmVhNmY0
MGYiCmZsYXNoSUM6J0FjdGlvbkNvbnRyb2xsZXI6OkZsYXNoOjpGbGFzaEhh
c2h7AAY6CkB1c2VkewA=--208b2c9d5737c9aeef94b2c9071e5811a68fd720
  Parameters: {"commit"=>"Save changes", "command"=>{"call"=>"pause"}, "authenticity_token"=>"5dd6f055790177d7b7e5e12eb0589590a061ff1e", "_method"=>"put", "action"=>"update", "id"=>"#<Command:0xf67c69a0>", "controller"=>"commands"}
Rendering commands/update
Completed in 0.02000 (50 reqs/sec) | Rendering: 0.00080 (4%) | DB: 0.00000 (0%) | 200 OK [http://localhost/commands/%23%3CCommand:0xf67c69a0%3E]


Processing CommandsController#update (for 127.0.0.1 at 2008-12-02 19:04:00) [PUT]
  Session ID: BAh7BzoMY3NyZl9pZCIlZTNmNGU4NmZmMzk0ODA5ZjhlNGQ0MjYxYmVhNmY0
MGYiCmZsYXNoSUM6J0FjdGlvbkNvbnRyb2xsZXI6OkZsYXNoOjpGbGFzaEhh
c2h7AAY6CkB1c2VkewA=--208b2c9d5737c9aeef94b2c9071e5811a68fd720
  Parameters: {"commit"=>"Save changes", "command"=>{"call"=>"pause"}, "authenticity_token"=>"5dd6f055790177d7b7e5e12eb0589590a061ff1e", "_method"=>"put", "action"=>"update", "id"=>"#<Command:0xf67c69a0>", "controller"=>"commands"}
Rendering commands/update
Completed in 0.17775 (5 reqs/sec) | Rendering: 0.00076 (0%) | DB: 0.00000 (0%) | 200 OK [http://localhost/commands/%23%3CCommand:0xf67c69a0%3E]
